SF:lib\custom_drawer\custom_drawer.dart
DA:12,0
DA:18,0
DA:19,0
DA:26,0
DA:36,0
DA:38,0
DA:39,0
DA:50,0
DA:52,0
DA:54,0
DA:55,0
DA:56,0
DA:57,0
DA:58,0
DA:59,0
DA:60,0
DA:63,0
DA:64,0
DA:66,0
DA:67,0
DA:68,0
DA:69,0
DA:71,0
DA:72,0
DA:73,0
DA:75,0
DA:76,0
DA:78,0
DA:79,0
DA:81,0
DA:93,0
DA:100,0
DA:101,0
DA:102,0
DA:103,0
DA:104,0
DA:106,0
DA:107,0
DA:110,0
DA:114,0
DA:115,0
DA:116,0
DA:117,0
DA:118,0
DA:119,0
DA:120,0
DA:121,0
DA:122,0
DA:124,0
DA:125,0
DA:126,0
DA:128,0
DA:135,0
DA:142,0
DA:149,0
DA:156,0
DA:168,0
DA:170,0
DA:171,0
LF:59
LH:0
end_of_record
SF:lib\custom_drawer\custom_drawer_notifier.dart
DA:7,0
DA:9,0
DA:11,0
DA:12,0
DA:13,0
DA:15,0
DA:20,0
DA:25,0
DA:26,0
DA:31,0
DA:32,0
DA:33,0
DA:36,0
DA:37,0
DA:38,0
LF:15
LH:0
end_of_record
SF:lib\db\database_helper.dart
DA:12,0
DA:16,0
DA:20,0
DA:21,0
DA:32,0
DA:33,0
DA:35,0
DA:46,0
DA:49,0
DA:50,0
DA:53,0
DA:55,0
DA:59,0
DA:61,0
DA:64,0
DA:67,0
DA:70,0
DA:71,0
DA:73,0
DA:77,0
DA:83,0
DA:84,0
DA:97,0
DA:114,0
DA:123,0
DA:133,0
DA:142,0
DA:154,0
DA:158,0
DA:159,0
DA:160,0
DA:161,0
DA:162,0
DA:169,0
DA:179,0
DA:180,0
DA:181,0
DA:183,0
DA:189,0
DA:190,0
DA:191,0
DA:194,0
DA:197,0
DA:198,0
DA:205,0
DA:206,0
DA:207,0
DA:209,0
DA:215,0
DA:216,0
DA:217,0
DA:220,0
DA:223,0
DA:224,0
DA:230,0
DA:231,0
DA:232,0
DA:235,0
DA:241,0
DA:242,0
DA:243,0
DA:246,0
DA:250,0
DA:251,0
DA:252,0
DA:254,0
DA:259,0
DA:260,0
DA:261,0
DA:264,0
DA:268,0
DA:269,0
DA:270,0
DA:273,0
DA:276,0
DA:277,0
DA:283,0
DA:284,0
DA:285,0
DA:293,0
DA:297,0
DA:298,0
DA:299,0
DA:300,0
DA:301,0
DA:308,0
DA:317,0
DA:318,0
DA:319,0
DA:322,0
DA:328,0
DA:329,0
DA:330,0
DA:333,0
DA:338,0
DA:339,0
DA:340,0
DA:342,0
DA:348,0
DA:349,0
DA:350,0
DA:353,0
DA:358,0
DA:359,0
DA:360,0
DA:363,0
DA:366,0
DA:367,0
DA:374,0
DA:375,0
DA:376,0
LF:111
LH:0
end_of_record
SF:lib\utils\encrypt.dart
DA:3,0
DA:4,0
DA:5,0
DA:7,0
DA:9,0
DA:11,0
LF:6
LH:0
end_of_record
SF:lib\styles\text_styles.dart
DA:9,1
DA:10,1
DA:12,2
DA:18,4
DA:24,2
DA:31,2
DA:32,1
DA:33,1
DA:34,1
DA:35,1
DA:39,4
LF:11
LH:11
end_of_record
SF:lib\utils\exception.dart
DA:6,0
DA:12,0
LF:2
LH:0
end_of_record
SF:lib\utils\failure.dart
DA:6,0
DA:8,0
DA:9,0
DA:13,0
DA:17,0
DA:21,0
DA:25,0
LF:7
LH:0
end_of_record
SF:lib\utils\network_info.dart
DA:10,1
DA:12,1
DA:13,2
LF:3
LH:3
end_of_record
SF:lib\utils\ssl_pinning.dart
DA:16,0
DA:18,0
DA:22,0
DA:26,0
DA:31,0
DA:32,0
DA:37,0
DA:38,0
DA:39,0
DA:45,0
DA:46,0
DA:48,0
DA:49,0
DA:50,0
DA:52,0
DA:57,0
DA:62,0
DA:65,0
DA:66,0
DA:71,0
DA:72,0
DA:73,0
LF:22
LH:0
end_of_record
SF:lib\utils\utils.dart
DA:4,0
DA:6,1
DA:7,1
DA:8,1
DA:10,1
DA:11,0
DA:13,1
DA:17,0
DA:18,0
DA:19,0
LF:10
LH:5
end_of_record
SF:lib\widgets\build_episode_card.dart
DA:4,1
DA:5,1
DA:8,1
DA:17,1
DA:19,1
DA:20,4
DA:22,1
DA:24,1
DA:26,1
DA:28,1
DA:29,1
DA:30,2
DA:31,1
DA:34,1
DA:40,1
DA:42,1
DA:44,1
DA:45,1
DA:46,1
DA:47,3
DA:50,1
DA:51,1
DA:52,3
DA:55,1
DA:56,2
DA:61,1
DA:62,2
LF:27
LH:27
end_of_record
SF:lib\widgets\error_state_widget.dart
DA:7,1
DA:8,1
DA:10,1
DA:12,1
DA:14,1
DA:25,2
DA:31,1
DA:33,2
DA:38,1
DA:42,1
DA:44,2
DA:46,0
DA:48,0
DA:50,0
DA:52,0
DA:54,0
DA:56,0
DA:59,1
DA:60,1
DA:61,1
DA:63,1
DA:64,1
DA:66,2
DA:78,1
DA:84,1
DA:86,1
DA:87,1
DA:89,1
DA:91,1
DA:92,1
DA:93,1
DA:94,1
DA:95,1
DA:96,3
DA:99,1
DA:100,1
DA:101,1
DA:102,1
DA:103,1
DA:115,5
DA:117,1
DA:119,1
DA:120,1
DA:122,1
DA:123,1
DA:124,1
DA:125,1
DA:126,3
LF:48
LH:42
end_of_record
