SF:lib\data\models\tv_detail_model.dart
DA:5,2
DA:67,1
DA:68,1
DA:69,1
DA:70,1
DA:72,1
DA:73,1
DA:74,1
DA:75,4
DA:78,1
DA:79,1
DA:80,4
DA:81,1
DA:82,1
DA:83,4
DA:85,1
DA:86,1
DA:87,1
DA:89,1
DA:90,0
DA:91,4
DA:92,1
DA:94,1
DA:96,2
DA:97,1
DA:100,1
DA:102,0
DA:104,1
DA:105,0
DA:106,1
DA:107,2
DA:108,2
DA:111,1
DA:112,1
DA:114,1
DA:115,0
DA:116,4
DA:117,1
DA:118,1
DA:119,1
DA:120,2
DA:121,1
DA:123,1
DA:124,0
DA:125,1
DA:126,2
DA:127,2
DA:131,1
DA:132,0
DA:133,1
DA:134,4
DA:136,1
DA:137,1
DA:138,2
DA:139,1
DA:142,0
DA:143,0
DA:144,0
DA:146,0
DA:147,0
DA:148,0
DA:150,0
DA:151,0
DA:152,0
DA:153,0
DA:154,0
DA:155,0
DA:156,0
DA:157,0
DA:159,0
DA:160,0
DA:161,0
DA:162,0
DA:163,0
DA:165,0
DA:166,0
DA:167,0
DA:168,0
DA:169,0
DA:171,0
DA:172,0
DA:173,0
DA:174,0
DA:175,0
DA:176,0
DA:177,0
DA:178,0
DA:180,0
DA:181,0
DA:182,0
DA:184,0
DA:185,0
DA:186,0
DA:187,0
DA:188,0
DA:189,0
DA:190,0
DA:193,1
DA:194,1
DA:195,1
DA:196,1
DA:197,5
DA:198,1
DA:199,1
DA:200,5
DA:201,1
DA:202,1
DA:203,1
DA:204,1
DA:205,2
DA:206,1
DA:207,2
DA:208,1
DA:209,1
DA:210,1
DA:211,1
DA:212,1
DA:214,5
DA:215,5
DA:216,1
DA:217,1
DA:218,1
DA:222,1
DA:223,1
DA:224,1
DA:225,1
DA:226,1
DA:227,1
DA:228,1
DA:229,1
DA:230,1
DA:231,1
DA:232,1
DA:233,1
DA:234,1
DA:235,1
DA:236,1
DA:237,1
DA:238,1
DA:239,1
DA:240,1
DA:241,1
DA:242,1
DA:243,1
DA:244,1
DA:245,1
DA:246,1
DA:247,1
DA:248,1
DA:249,1
DA:250,1
DA:251,1
DA:252,1
LF:153
LH:105
end_of_record
SF:lib\data\models\cache\tv_series_detail_table.dart
DA:19,1
DA:34,1
DA:35,1
DA:36,1
DA:37,1
DA:38,1
DA:39,1
DA:40,1
DA:41,1
DA:43,1
DA:44,7
DA:46,1
DA:48,1
DA:49,3
DA:50,1
DA:51,1
DA:52,1
DA:53,1
DA:54,1
DA:55,1
DA:56,1
DA:58,1
DA:61,1
DA:62,3
DA:63,1
DA:64,1
DA:65,1
DA:66,1
DA:67,1
DA:68,1
DA:69,1
DA:70,1
DA:71,1
DA:73,1
DA:76,1
DA:77,1
DA:78,1
DA:79,2
DA:80,2
DA:81,2
DA:82,2
DA:83,2
DA:84,2
DA:85,2
DA:86,2
DA:87,2
DA:88,2
DA:89,2
DA:90,2
DA:91,2
DA:96,1
DA:97,1
DA:98,1
DA:99,2
DA:100,2
DA:101,2
DA:102,2
DA:103,2
DA:104,2
DA:105,2
DA:106,2
DA:107,2
DA:108,2
DA:109,2
DA:110,2
DA:111,2
DA:117,0
DA:118,0
DA:119,0
DA:120,0
DA:121,0
DA:122,0
DA:123,0
DA:124,0
DA:125,0
DA:126,0
DA:127,0
DA:128,0
DA:129,0
DA:130,0
DA:133,0
DA:134,0
DA:135,0
DA:136,0
DA:137,0
DA:138,0
DA:139,0
DA:140,0
DA:141,0
DA:142,0
DA:144,0
DA:146,0
DA:147,0
DA:148,0
DA:149,0
DA:150,0
DA:151,0
DA:152,0
DA:153,0
DA:154,0
DA:156,0
DA:158,0
DA:159,0
DA:160,0
DA:161,0
DA:162,0
DA:163,0
DA:164,0
DA:165,0
DA:166,0
DA:167,0
DA:168,0
DA:170,0
DA:172,0
DA:173,0
DA:174,0
DA:175,0
DA:176,0
DA:177,0
DA:178,0
DA:179,0
DA:180,0
DA:181,0
DA:182,0
DA:183,0
DA:184,0
DA:185,0
DA:186,0
DA:187,0
DA:191,0
DA:192,0
DA:193,0
DA:194,0
DA:195,0
DA:196,0
DA:197,0
DA:198,0
DA:199,0
DA:200,0
DA:201,0
DA:202,0
DA:203,0
DA:204,0
DA:205,0
DA:206,0
DA:212,0
DA:213,0
DA:214,0
DA:215,0
DA:216,0
DA:217,0
DA:218,0
DA:219,0
DA:220,0
DA:221,0
DA:222,0
DA:223,0
DA:224,0
DA:227,2
DA:228,1
DA:229,1
DA:230,1
DA:231,1
DA:232,1
DA:233,1
DA:234,1
DA:235,2
DA:236,5
DA:237,1
DA:238,0
DA:239,1
DA:240,1
DA:241,2
DA:242,1
DA:243,2
DA:244,1
DA:245,1
DA:246,1
DA:247,1
DA:248,1
DA:249,1
DA:252,1
DA:253,0
DA:254,1
DA:255,2
DA:256,1
DA:257,2
DA:258,1
DA:259,1
DA:260,1
DA:261,1
DA:262,1
DA:263,1
DA:264,1
DA:265,1
DA:268,1
DA:269,0
DA:270,1
DA:271,1
DA:272,2
DA:273,1
DA:274,1
DA:275,1
DA:276,1
DA:277,1
DA:278,1
DA:279,1
DA:280,1
DA:281,1
DA:282,1
DA:283,1
DA:284,1
DA:285,1
DA:286,1
DA:288,1
DA:291,1
DA:292,1
DA:293,2
DA:294,1
DA:295,1
DA:296,1
DA:297,1
DA:298,1
DA:299,1
DA:300,1
DA:301,1
DA:302,1
DA:303,1
DA:304,1
DA:305,1
DA:306,1
DA:307,1
DA:309,1
DA:313,0
DA:315,0
DA:316,0
DA:317,0
DA:318,0
DA:319,0
DA:320,0
DA:321,0
DA:322,0
DA:323,0
DA:324,0
DA:325,0
DA:326,0
DA:327,0
LF:247
LH:138
end_of_record
SF:lib\domain\usecases\get_on_the_air_tv.dart
DA:9,1
DA:11,1
DA:12,2
LF:3
LH:3
end_of_record
SF:lib\presentation\bloc\see_more_on_the_air\see_more_on_the_air_tv_bloc.dart
DA:19,1
DA:20,2
DA:22,2
DA:25,2
DA:28,1
DA:29,1
DA:30,1
DA:35,0
DA:36,0
DA:37,0
DA:38,0
DA:42,1
DA:46,1
DA:49,4
DA:52,3
DA:53,2
DA:54,2
DA:55,1
DA:56,3
DA:57,0
DA:63,1
DA:64,1
DA:65,2
DA:67,3
DA:72,0
DA:77,0
DA:80,1
DA:84,2
DA:85,1
DA:86,1
DA:88,3
DA:89,1
DA:90,0
DA:91,2
DA:92,2
DA:93,3
DA:94,2
DA:95,1
LF:38
LH:30
end_of_record
SF:lib\domain\usecases\get_popular_tv.dart
DA:9,1
DA:11,1
DA:12,2
LF:3
LH:3
end_of_record
SF:lib\presentation\bloc\see_more_popular\see_more_popular_tv_bloc.dart
DA:18,1
DA:19,2
DA:21,2
DA:24,2
DA:27,1
DA:28,1
DA:29,1
DA:34,0
DA:35,0
DA:36,0
DA:37,0
DA:41,1
DA:45,1
DA:48,4
DA:51,3
DA:52,2
DA:53,2
DA:54,1
DA:55,3
DA:56,0
DA:62,1
DA:63,1
DA:64,2
DA:66,3
DA:71,0
DA:76,0
DA:79,1
DA:83,2
DA:84,1
DA:85,1
DA:87,3
DA:88,1
DA:89,0
DA:90,2
DA:91,2
DA:92,3
DA:93,2
DA:94,1
LF:38
LH:30
end_of_record
SF:lib\domain\usecases\search_tv_series.dart
DA:9,1
DA:11,1
DA:12,2
LF:3
LH:3
end_of_record
SF:lib\presentation\bloc\tv_search\tv_search_bloc.dart
DA:16,3
DA:18,1
DA:19,1
DA:21,1
DA:26,1
DA:30,1
DA:34,2
DA:35,1
DA:39,2
DA:40,1
DA:48,1
DA:50,2
DA:52,1
DA:53,1
DA:55,3
DA:57,1
DA:60,2
LF:17
LH:17
end_of_record
SF:lib\domain\usecases\get_top_rated_tv.dart
DA:9,1
DA:11,1
DA:12,2
LF:3
LH:3
end_of_record
SF:lib\presentation\bloc\see_more_top_rated\see_more_top_rated_tv_bloc.dart
DA:19,1
DA:20,2
DA:22,2
DA:25,2
DA:28,1
DA:29,1
DA:30,1
DA:35,0
DA:36,0
DA:37,0
DA:38,0
DA:42,1
DA:46,1
DA:49,4
DA:52,3
DA:53,2
DA:54,2
DA:55,1
DA:56,3
DA:57,0
DA:63,1
DA:64,1
DA:65,2
DA:67,3
DA:72,0
DA:77,0
DA:80,1
DA:84,2
DA:85,1
DA:86,1
DA:88,3
DA:89,1
DA:90,0
DA:91,2
DA:92,2
DA:93,3
DA:94,2
DA:95,1
LF:38
LH:30
end_of_record
SF:lib\domain\usecases\get_tv_detail.dart
DA:9,1
DA:11,1
DA:12,2
LF:3
LH:3
end_of_record
SF:lib\domain\usecases\get_tv_recommendations.dart
DA:9,1
DA:11,1
DA:12,2
LF:3
LH:3
end_of_record
SF:lib\domain\usecases\get_watchlist_status_tv.dart
DA:8,1
DA:10,1
DA:11,2
LF:3
LH:3
end_of_record
SF:lib\domain\usecases\save_watchlist_tv.dart
DA:9,1
DA:11,1
DA:12,2
LF:3
LH:3
end_of_record
SF:lib\domain\usecases\remove_watchlist_tv.dart
DA:9,1
DA:11,1
DA:12,2
LF:3
LH:3
end_of_record
SF:lib\presentation\bloc\tv_detail\tv_detail_bloc.dart
DA:26,1
DA:32,2
DA:33,2
DA:34,2
DA:35,2
DA:38,1
DA:42,1
DA:45,2
DA:46,3
DA:47,3
DA:48,3
DA:51,1
DA:52,1
DA:53,1
DA:55,1
DA:56,1
DA:57,3
DA:59,1
DA:60,1
DA:62,1
DA:63,1
DA:65,1
DA:66,1
DA:68,1
DA:74,1
DA:75,1
DA:76,1
DA:89,1
DA:94,2
DA:95,1
DA:96,3
DA:98,4
DA:100,1
DA:101,1
DA:102,4
DA:104,1
DA:105,1
DA:106,2
DA:108,1
DA:116,1
DA:120,2
DA:121,1
DA:122,3
DA:124,4
DA:126,1
DA:127,1
DA:128,4
DA:130,1
DA:131,1
DA:132,2
DA:134,1
LF:51
LH:51
end_of_record
SF:lib\domain\usecases\get_airing_today_tv.dart
DA:9,1
DA:11,1
DA:12,2
LF:3
LH:3
end_of_record
SF:lib\presentation\bloc\tv_list\airing_today\airing_today_tv_bloc.dart
DA:16,3
DA:18,2
DA:21,2
DA:24,1
DA:25,1
DA:26,1
DA:30,1
DA:34,1
DA:37,4
DA:40,3
DA:41,2
DA:42,2
DA:43,4
DA:44,0
DA:50,1
DA:51,1
DA:52,2
DA:54,3
DA:59,1
DA:64,1
DA:67,1
DA:71,2
DA:72,1
DA:73,1
DA:75,2
DA:76,1
DA:78,1
DA:79,5
DA:80,1
DA:81,1
DA:82,2
DA:83,3
DA:84,2
DA:85,1
LF:34
LH:33
end_of_record
SF:lib\presentation\bloc\tv_list\on_the_air\on_the_air_tv_bloc.dart
DA:17,3
DA:19,2
DA:21,2
DA:23,3
DA:26,1
DA:30,1
DA:32,4
DA:34,3
DA:35,2
DA:36,2
DA:37,4
DA:38,0
DA:44,1
DA:45,1
DA:46,2
DA:48,3
DA:53,1
DA:58,1
DA:61,1
DA:65,2
DA:66,1
DA:67,1
DA:68,3
DA:69,1
DA:70,5
DA:71,1
DA:72,1
DA:73,2
DA:74,3
DA:75,2
DA:76,1
LF:31
LH:30
end_of_record
SF:lib\presentation\bloc\tv_list\popular\popular_tv_bloc.dart
DA:16,3
DA:18,2
DA:21,2
DA:24,3
DA:27,1
DA:31,1
DA:34,4
DA:37,3
DA:38,2
DA:39,2
DA:40,4
DA:41,0
DA:47,1
DA:48,1
DA:49,2
DA:51,3
DA:56,1
DA:61,1
DA:64,1
DA:68,2
DA:69,1
DA:70,1
DA:72,3
DA:73,1
DA:74,5
DA:75,1
DA:76,1
DA:77,2
DA:78,3
DA:79,2
DA:80,1
LF:31
LH:30
end_of_record
SF:lib\presentation\bloc\tv_list\top_rated\top_rated_tv_bloc.dart
DA:17,3
DA:19,2
DA:22,2
DA:25,3
DA:28,1
DA:32,1
DA:35,4
DA:38,3
DA:39,2
DA:40,2
DA:41,4
DA:42,0
DA:48,1
DA:49,1
DA:50,2
DA:52,3
DA:57,1
DA:62,1
DA:65,1
DA:69,2
DA:70,1
DA:71,1
DA:73,3
DA:74,1
DA:75,5
DA:76,1
DA:77,1
DA:78,2
DA:79,3
DA:80,2
DA:81,1
LF:31
LH:30
end_of_record
SF:lib\domain\usecases\get_watchlist_tv.dart
DA:9,1
DA:11,1
DA:12,2
LF:3
LH:3
end_of_record
SF:lib\presentation\bloc\tv_watchlist\watchlist_tv_bloc.dart
DA:16,1
DA:17,2
DA:19,2
DA:22,1
DA:27,1
DA:30,2
DA:33,1
DA:35,1
DA:36,3
DA:39,1
DA:40,2
LF:11
LH:11
end_of_record
SF:lib\data\datasources\tv_series_remote_data_source.dart
DA:28,1
DA:30,1
DA:35,2
DA:36,2
DA:39,2
DA:40,4
DA:42,1
DA:45,1
DA:49,1
DA:54,2
DA:55,2
DA:58,2
DA:59,4
DA:61,1
DA:64,1
DA:68,1
DA:73,2
DA:74,2
DA:77,2
DA:78,4
DA:80,1
DA:83,1
DA:87,1
DA:92,2
DA:93,2
DA:96,2
DA:97,4
DA:99,1
DA:102,1
DA:106,1
DA:108,2
DA:111,2
DA:113,2
DA:114,3
DA:116,1
DA:119,1
DA:123,1
DA:126,2
DA:127,2
DA:130,2
DA:131,4
DA:133,1
DA:136,1
DA:140,1
DA:143,2
DA:144,2
DA:147,2
DA:148,4
DA:150,1
DA:153,1
LF:50
LH:50
end_of_record
SF:lib\data\datasources\tv_series_local_data_source.dart
DA:37,2
DA:39,1
DA:42,2
DA:45,2
DA:49,1
DA:52,2
DA:55,2
DA:59,1
DA:62,2
DA:63,4
DA:65,2
DA:69,1
DA:72,2
DA:74,1
DA:79,2
DA:83,2
DA:86,4
DA:87,4
DA:89,2
DA:93,2
DA:96,4
DA:97,2
DA:98,8
DA:100,2
DA:103,2
DA:106,2
DA:111,2
DA:114,4
DA:115,4
DA:117,2
DA:121,2
DA:124,4
DA:125,2
DA:126,8
DA:128,2
DA:131,2
DA:134,2
DA:139,2
DA:142,4
DA:143,4
DA:145,2
DA:149,2
DA:152,4
DA:153,2
DA:154,8
DA:156,2
DA:159,2
DA:162,2
DA:167,2
DA:170,4
DA:171,4
DA:173,2
DA:177,2
DA:180,4
DA:181,2
DA:182,8
DA:184,2
DA:187,2
DA:190,2
DA:195,0
DA:198,0
DA:200,0
DA:204,0
DA:207,0
DA:209,0
DA:211,0
DA:214,0
DA:217,0
LF:68
LH:59
end_of_record
SF:lib\data\models\cache\tv_series_table.dart
DA:10,2
DA:17,2
DA:18,1
DA:19,1
DA:20,1
DA:21,1
DA:24,4
DA:25,2
DA:26,2
DA:27,2
DA:28,2
DA:32,2
DA:33,1
DA:34,1
DA:35,1
DA:36,1
DA:39,0
DA:40,0
DA:41,0
DA:42,0
DA:43,0
DA:46,0
DA:47,0
DA:48,0
DA:49,0
DA:50,0
DA:53,2
DA:54,1
DA:55,1
DA:56,1
DA:57,1
DA:60,2
DA:62,10
LF:33
LH:23
end_of_record
SF:lib\data\models\created_by_model.dart
DA:13,2
DA:22,0
DA:23,0
DA:25,0
DA:27,2
DA:28,1
DA:29,1
DA:30,1
DA:31,1
DA:32,1
DA:33,1
DA:36,0
DA:37,0
DA:38,0
DA:39,0
DA:40,0
DA:41,0
DA:42,0
DA:45,1
DA:46,1
DA:47,1
DA:48,1
DA:49,1
DA:50,1
DA:51,1
DA:52,1
DA:56,1
DA:58,1
DA:59,1
DA:60,1
DA:61,1
DA:62,1
DA:63,1
DA:64,1
LF:34
LH:24
end_of_record
SF:lib\data\models\episode_to_air_model.dart
DA:5,2
DA:35,1
DA:36,1
DA:37,1
DA:38,1
DA:39,1
DA:40,1
DA:41,1
DA:42,1
DA:43,1
DA:44,1
DA:45,1
DA:46,1
DA:47,1
DA:48,1
DA:49,1
DA:52,0
DA:53,0
DA:54,0
DA:55,0
DA:56,0
DA:57,0
DA:58,0
DA:59,0
DA:60,0
DA:61,0
DA:62,0
DA:63,0
DA:64,0
DA:65,0
DA:68,1
DA:69,1
DA:70,1
DA:71,1
DA:72,1
DA:73,1
DA:74,1
DA:75,1
DA:76,1
DA:77,1
DA:78,1
DA:79,1
DA:80,1
DA:81,1
DA:82,1
DA:86,1
DA:87,1
DA:88,1
DA:89,1
DA:90,1
DA:91,1
DA:92,1
DA:93,1
DA:94,1
DA:95,1
DA:96,1
DA:97,1
DA:98,1
DA:99,1
DA:100,1
LF:60
LH:46
end_of_record
SF:lib\data\models\genre_model.dart
DA:20,2
DA:25,1
DA:26,3
DA:28,0
DA:30,1
DA:31,3
DA:34,1
DA:35,3
LF:8
LH:7
end_of_record
SF:lib\data\models\production_companies_model.dart
DA:10,2
DA:17,1
DA:18,1
DA:19,1
DA:20,1
DA:21,1
DA:22,1
DA:25,0
DA:26,0
DA:27,0
DA:28,0
DA:29,0
DA:32,1
DA:33,1
DA:34,1
DA:35,1
DA:36,1
DA:37,1
DA:41,1
DA:42,5
LF:20
LH:15
end_of_record
SF:lib\data\models\season_model.dart
DA:5,2
DA:25,2
DA:26,1
DA:27,1
DA:28,1
DA:29,1
DA:30,1
DA:31,1
DA:32,1
DA:33,1
DA:36,0
DA:37,0
DA:38,0
DA:39,0
DA:40,0
DA:41,0
DA:42,0
DA:43,0
DA:44,0
DA:47,1
DA:48,1
DA:49,1
DA:50,1
DA:51,1
DA:52,1
DA:53,1
DA:54,1
DA:55,1
DA:56,1
DA:60,1
DA:61,1
DA:62,1
DA:63,1
DA:64,1
DA:65,1
DA:66,1
DA:67,1
DA:68,1
DA:69,1
LF:39
LH:30
end_of_record
SF:lib\data\models\tv_model.dart
DA:5,6
DA:37,6
DA:38,3
DA:39,3
DA:40,12
DA:41,3
DA:42,12
DA:43,3
DA:44,3
DA:45,3
DA:46,6
DA:47,3
DA:48,3
DA:49,3
DA:50,6
DA:51,3
DA:54,4
DA:55,2
DA:56,2
DA:58,11
DA:59,2
DA:61,2
DA:62,1
DA:63,8
DA:64,2
DA:65,2
DA:66,2
DA:67,2
DA:68,2
DA:69,2
DA:70,2
DA:71,2
DA:72,2
DA:75,2
DA:76,2
DA:77,2
DA:78,2
DA:79,2
DA:80,2
DA:81,2
DA:82,2
DA:83,2
DA:84,2
DA:85,2
DA:86,2
DA:87,2
DA:88,2
DA:89,2
DA:90,2
DA:94,3
DA:95,3
DA:96,3
DA:97,3
DA:98,3
DA:99,3
DA:100,3
DA:101,3
DA:102,3
DA:103,3
DA:104,3
DA:105,3
DA:106,3
DA:107,3
DA:108,3
DA:109,3
LF:65
LH:65
end_of_record
SF:lib\data\models\tv_response.dart
DA:7,3
DA:9,4
DA:10,2
DA:11,2
DA:12,6
DA:13,6
DA:17,2
DA:18,5
DA:21,1
DA:22,2
LF:10
LH:10
end_of_record
SF:lib\data\repositories\tv_series_repository_impl.dart
DA:12,1
DA:18,1
DA:22,2
DA:24,2
DA:27,2
DA:28,4
DA:31,5
DA:32,1
DA:33,2
DA:37,2
DA:38,5
DA:39,1
DA:40,3
DA:41,0
DA:42,0
DA:47,1
DA:51,2
DA:53,2
DA:56,2
DA:57,4
DA:60,5
DA:61,1
DA:62,2
DA:66,2
DA:67,5
DA:68,1
DA:69,3
DA:70,0
DA:71,0
DA:76,1
DA:80,2
DA:82,2
DA:85,2
DA:86,4
DA:89,5
DA:90,1
DA:91,2
DA:95,2
DA:96,5
DA:97,1
DA:98,3
DA:99,0
DA:100,0
DA:105,1
DA:109,2
DA:111,2
DA:114,2
DA:115,4
DA:118,5
DA:119,1
DA:120,2
DA:124,2
DA:125,5
DA:126,1
DA:127,3
DA:128,0
DA:129,0
DA:134,1
DA:136,2
DA:138,2
DA:141,2
DA:142,2
DA:145,2
DA:146,1
DA:147,2
DA:151,2
DA:152,2
DA:153,1
DA:154,3
DA:155,1
DA:156,2
DA:161,1
DA:164,2
DA:165,5
DA:166,1
DA:167,2
DA:168,1
DA:169,2
DA:173,1
DA:177,2
DA:179,2
DA:180,1
DA:182,1
DA:183,1
DA:184,3
DA:190,1
DA:193,2
DA:194,1
DA:196,1
DA:197,1
DA:198,3
DA:202,1
DA:205,2
DA:206,5
DA:207,1
DA:208,3
DA:212,1
DA:215,2
DA:216,1
DA:217,1
DA:218,3
DA:222,1
DA:224,2
DA:226,2
DA:227,5
DA:228,1
DA:229,2
DA:232,2
LF:108
LH:100
end_of_record
SF:lib\domain\entities\created_by.dart
DA:11,7
DA:20,2
DA:21,2
DA:22,2
DA:23,2
DA:24,2
DA:25,2
DA:26,2
DA:27,2
LF:9
LH:9
end_of_record
SF:lib\domain\entities\episode_to_air.dart
DA:19,7
DA:35,2
DA:36,2
DA:37,2
DA:38,2
DA:39,2
DA:40,2
DA:41,2
DA:42,2
DA:43,2
DA:44,2
DA:45,2
DA:46,2
DA:47,2
DA:48,2
DA:49,2
LF:16
LH:16
end_of_record
SF:lib\domain\entities\genre.dart
DA:13,7
DA:18,2
DA:19,6
LF:3
LH:3
end_of_record
SF:lib\domain\entities\production_companies.dart
DA:9,7
DA:16,2
DA:17,10
LF:3
LH:3
end_of_record
SF:lib\domain\entities\season.dart
DA:13,7
DA:24,2
DA:26,2
DA:27,2
DA:28,2
DA:29,2
DA:30,2
DA:31,2
DA:32,2
DA:33,2
DA:34,2
LF:11
LH:11
end_of_record
SF:lib\domain\entities\tv_detail.dart
DA:33,7
DA:59,1
DA:84,2
DA:85,2
DA:86,2
DA:87,2
DA:88,2
DA:89,2
DA:90,2
DA:91,2
DA:92,2
DA:93,2
DA:94,2
DA:95,2
DA:96,2
DA:97,2
DA:98,2
DA:99,2
DA:100,2
DA:101,2
DA:102,2
DA:103,2
DA:104,2
DA:105,2
DA:106,2
DA:107,2
DA:108,2
LF:27
LH:27
end_of_record
SF:lib\domain\entities\tv_series.dart
DA:4,24
DA:21,2
DA:52,12
DA:53,12
DA:54,12
DA:55,12
DA:56,12
DA:57,12
DA:58,12
DA:59,12
DA:60,12
DA:61,12
DA:62,12
DA:63,12
DA:64,12
DA:65,12
DA:66,12
DA:67,12
LF:18
LH:18
end_of_record
SF:lib\presentation\pages\on_the_air_tv_page.dart
DA:9,1
DA:11,1
DA:12,1
DA:20,1
DA:22,1
DA:24,2
DA:27,3
DA:28,1
DA:29,0
DA:34,2
DA:35,2
DA:36,0
DA:37,0
DA:44,1
DA:46,2
DA:47,2
DA:48,1
DA:52,1
DA:55,1
DA:58,1
DA:60,1
DA:61,2
DA:62,1
DA:65,1
DA:66,1
DA:68,1
DA:69,2
DA:71,1
DA:72,0
DA:75,1
DA:76,1
DA:78,3
DA:79,1
DA:80,1
DA:88,2
DA:89,1
DA:90,1
DA:93,1
DA:94,1
DA:98,0
DA:118,1
DA:119,1
DA:121,1
DA:124,0
DA:126,0
DA:129,0
DA:136,1
DA:138,1
DA:143,1
DA:144,1
DA:145,1
DA:146,1
DA:147,1
DA:148,1
DA:149,1
DA:154,3
DA:156,1
DA:157,1
DA:158,1
DA:160,1
DA:161,1
DA:166,2
DA:171,1
DA:174,3
DA:178,1
LF:65
LH:57
end_of_record
SF:lib\presentation\pages\popular_tv_page.dart
DA:11,1
DA:13,1
DA:14,1
DA:22,1
DA:24,1
DA:26,2
DA:29,4
DA:30,0
DA:35,2
DA:36,2
DA:37,0
DA:38,0
DA:45,1
DA:47,2
DA:48,2
DA:49,1
DA:53,1
DA:56,1
DA:59,1
DA:61,1
DA:62,2
DA:63,1
DA:66,1
DA:67,1
DA:69,1
DA:70,2
DA:72,1
DA:73,2
DA:76,1
DA:77,1
DA:79,3
DA:80,1
DA:81,1
DA:89,2
DA:90,1
DA:91,1
DA:94,1
DA:95,1
DA:99,0
DA:119,1
DA:120,1
DA:122,1
DA:125,0
DA:127,0
DA:130,0
DA:137,1
DA:139,1
DA:144,1
DA:145,1
DA:146,1
DA:147,1
DA:148,1
DA:149,1
DA:150,1
DA:155,3
DA:157,1
DA:158,1
DA:159,1
DA:161,1
DA:162,1
DA:167,2
DA:172,1
DA:175,3
DA:179,1
LF:64
LH:57
end_of_record
SF:lib\presentation\pages\search_tv_page.dart
DA:8,1
DA:10,1
DA:12,1
DA:13,2
DA:14,1
DA:16,1
DA:18,1
DA:19,1
DA:20,1
DA:21,3
DA:23,1
DA:25,1
DA:26,1
DA:30,1
DA:32,2
DA:35,1
DA:36,1
DA:37,1
DA:38,1
DA:39,1
DA:40,1
DA:41,1
DA:49,1
DA:50,1
DA:52,1
DA:53,1
DA:54,1
DA:60,1
DA:61,1
DA:63,1
DA:64,1
DA:65,1
DA:67,1
DA:70,1
DA:72,1
DA:73,1
DA:74,1
DA:75,1
DA:82,1
DA:83,1
DA:84,1
DA:85,1
DA:87,1
DA:88,1
DA:94,2
LF:45
LH:45
end_of_record
SF:lib\presentation\pages\top_rated_tv_page.dart
DA:11,1
DA:13,1
DA:14,1
DA:22,1
DA:24,1
DA:26,2
DA:29,3
DA:30,1
DA:31,0
DA:36,2
DA:37,2
DA:38,0
DA:39,0
DA:46,1
DA:48,2
DA:49,2
DA:50,1
DA:54,1
DA:57,1
DA:60,1
DA:62,1
DA:63,2
DA:64,1
DA:65,1
DA:67,1
DA:68,1
DA:70,1
DA:71,2
DA:73,1
DA:74,2
DA:77,1
DA:78,1
DA:80,1
DA:81,2
DA:82,1
DA:83,1
DA:91,2
DA:92,1
DA:93,1
DA:96,1
DA:97,1
DA:101,0
DA:121,1
DA:122,1
DA:124,1
DA:127,0
DA:129,0
DA:132,0
DA:139,1
DA:141,1
DA:146,1
DA:147,1
DA:148,1
DA:149,1
DA:150,1
DA:151,1
DA:152,1
DA:157,3
DA:159,1
DA:160,1
DA:161,1
DA:163,1
DA:164,1
DA:169,2
DA:174,1
DA:177,3
DA:181,1
LF:67
LH:60
end_of_record
SF:lib\presentation\pages\tv_series_detail_page.dart
DA:13,2
DA:15,1
DA:16,1
DA:20,1
DA:22,1
DA:34,6
DA:37,1
DA:39,1
DA:40,1
DA:41,1
DA:42,1
DA:43,1
DA:44,1
DA:45,1
DA:46,0
DA:47,2
DA:48,1
DA:50,3
DA:52,0
DA:54,0
DA:55,0
DA:62,1
DA:63,1
DA:64,1
DA:65,1
DA:66,1
DA:72,1
DA:73,1
DA:74,1
DA:75,1
DA:76,1
DA:77,1
DA:80,1
DA:81,1
DA:82,1
DA:83,0
DA:84,0
DA:85,0
DA:89,1
DA:90,1
DA:91,2
DA:109,1
DA:115,1
DA:118,1
DA:119,1
DA:120,1
DA:121,1
DA:122,1
DA:124,1
DA:125,3
DA:128,3
DA:129,0
DA:133,1
DA:135,1
DA:138,1
DA:139,1
DA:140,1
DA:142,2
DA:145,1
DA:146,1
DA:147,1
DA:149,1
DA:151,1
DA:153,1
DA:155,2
DA:156,1
DA:158,1
DA:159,2
DA:163,1
DA:164,1
DA:165,1
DA:168,0
DA:169,0
DA:172,0
DA:174,1
DA:177,4
DA:180,1
DA:181,1
DA:182,1
DA:183,2
DA:184,2
DA:192,2
DA:193,2
DA:228,1
DA:230,1
DA:231,1
DA:232,1
DA:233,1
DA:234,1
DA:239,1
DA:242,4
DA:244,1
DA:247,1
DA:248,1
DA:249,1
DA:250,3
DA:253,1
DA:254,1
DA:262,4
DA:265,1
DA:268,1
DA:273,1
DA:274,1
DA:275,1
DA:277,1
DA:279,1
DA:285,1
DA:287,1
DA:289,1
DA:292,1
DA:293,3
DA:295,1
DA:304,1
DA:307,1
DA:310,1
DA:311,1
DA:312,1
DA:314,1
DA:315,1
DA:318,4
DA:319,4
DA:320,1
DA:321,1
DA:322,1
DA:329,1
DA:330,0
DA:343,1
DA:346,2
DA:347,1
DA:348,3
DA:350,1
DA:353,2
DA:354,1
DA:355,2
DA:356,3
DA:357,2
DA:359,1
DA:361,3
DA:362,1
DA:363,3
DA:364,1
DA:369,1
DA:372,1
DA:373,1
DA:375,1
DA:376,1
DA:378,1
DA:380,1
DA:381,1
DA:387,1
DA:388,1
DA:390,1
DA:393,0
DA:394,0
DA:399,1
DA:400,1
DA:401,1
DA:404,1
DA:409,1
DA:410,1
DA:411,1
DA:412,1
DA:413,1
DA:418,1
DA:419,1
DA:420,1
DA:421,1
DA:432,0
DA:434,0
DA:437,1
DA:440,2
DA:441,1
DA:444,3
DA:445,3
DA:446,3
DA:447,3
DA:448,3
DA:452,2
DA:453,1
DA:456,3
DA:457,3
DA:458,3
DA:459,3
DA:460,3
DA:464,2
DA:465,1
DA:468,1
DA:469,1
DA:471,1
DA:472,1
DA:473,1
DA:475,1
DA:479,1
DA:480,1
DA:481,1
DA:483,1
DA:485,1
DA:486,1
DA:487,1
DA:489,1
DA:490,0
DA:491,0
DA:494,0
DA:497,1
DA:502,1
DA:505,2
DA:507,1
DA:514,0
DA:523,1
DA:646,1
DA:648,1
DA:660,1
DA:662,1
DA:665,1
DA:666,1
DA:667,0
DA:668,0
LF:217
LH:195
end_of_record
SF:lib\presentation\pages\tv_series_page.dart
DA:10,1
DA:12,1
DA:13,1
DA:25,1
DA:28,1
DA:30,1
DA:33,2
DA:34,2
DA:35,2
DA:36,2
DA:38,2
DA:39,2
DA:40,2
DA:41,2
DA:44,2
DA:45,0
DA:47,2
DA:48,0
DA:50,2
DA:51,0
DA:53,2
DA:54,0
DA:72,2
DA:73,0
DA:74,0
DA:75,0
DA:76,0
DA:81,2
DA:82,0
DA:83,0
DA:84,0
DA:91,2
DA:92,0
DA:93,0
DA:94,0
DA:101,2
DA:102,0
DA:103,0
DA:104,0
DA:111,1
DA:113,2
DA:114,2
DA:115,2
DA:116,2
DA:117,2
DA:118,1
DA:121,1
DA:123,1
DA:125,1
DA:127,1
DA:128,1
DA:129,1
DA:130,1
DA:131,0
DA:134,0
DA:137,1
DA:138,1
DA:139,1
DA:140,1
DA:142,1
DA:147,1
DA:148,1
DA:149,1
DA:150,1
DA:152,1
DA:153,1
DA:154,1
DA:155,0
DA:157,1
DA:158,2
DA:164,1
DA:165,1
DA:166,1
DA:167,2
DA:169,1
DA:170,2
DA:176,1
DA:177,1
DA:178,1
DA:179,2
DA:181,1
DA:182,2
DA:188,1
DA:189,1
DA:190,1
DA:191,2
DA:193,1
DA:194,2
DA:199,1
DA:200,1
DA:201,1
DA:203,2
DA:208,2
DA:213,2
DA:218,2
DA:239,1
DA:244,1
DA:246,1
DA:248,2
DA:251,1
DA:252,1
DA:255,1
DA:259,2
DA:260,1
DA:261,1
DA:268,2
DA:269,1
DA:270,1
DA:271,1
DA:273,1
DA:274,1
DA:279,1
DA:281,1
DA:286,1
DA:288,0
DA:289,0
DA:290,0
DA:294,1
DA:295,1
DA:296,1
DA:298,1
DA:302,1
DA:305,1
DA:314,1
DA:316,1
DA:317,1
DA:322,1
DA:323,1
DA:326,1
DA:330,2
DA:331,1
DA:332,1
DA:339,3
DA:341,0
DA:342,0
DA:343,0
DA:348,1
DA:349,1
DA:350,1
DA:352,1
DA:356,1
DA:359,1
DA:368,1
DA:370,1
DA:371,1
DA:379,1
DA:380,1
DA:383,1
DA:387,2
DA:388,1
DA:389,1
DA:396,2
DA:397,1
DA:399,0
DA:400,0
DA:401,0
DA:406,1
DA:407,1
DA:408,1
DA:410,1
DA:414,1
DA:417,1
DA:426,1
DA:428,1
DA:429,1
DA:437,1
DA:438,1
DA:440,1
DA:444,2
DA:445,1
DA:446,1
DA:453,3
DA:455,0
DA:456,0
DA:457,0
DA:462,1
DA:463,1
DA:464,1
DA:466,1
DA:470,1
DA:473,1
DA:489,1
DA:490,1
DA:492,1
DA:493,2
DA:494,1
DA:496,1
DA:498,1
DA:499,1
DA:500,2
DA:501,1
DA:516,1
DA:523,1
DA:525,2
DA:532,1
DA:534,1
DA:535,1
DA:539,3
DA:540,1
DA:542,3
DA:546,2
DA:547,1
DA:549,1
DA:550,1
DA:552,1
DA:555,1
DA:558,1
DA:559,2
DA:560,1
DA:561,2
DA:563,1
DA:564,2
DA:565,0
LF:213
LH:180
end_of_record
SF:lib\presentation\pages\watchlist_tv_page.dart
DA:8,1
DA:10,1
DA:11,1
DA:15,1
DA:17,1
DA:18,3
DA:23,1
DA:25,1
DA:26,4
DA:29,1
DA:31,2
DA:32,1
DA:35,0
DA:38,0
DA:41,0
DA:44,1
DA:46,1
DA:47,1
DA:48,1
DA:49,1
DA:50,1
DA:51,0
DA:56,0
DA:60,1
DA:63,1
DA:64,1
DA:66,3
DA:67,1
DA:68,1
DA:76,2
DA:77,1
DA:78,1
DA:79,1
DA:80,1
DA:81,1
DA:82,1
DA:83,1
DA:87,3
DA:88,1
DA:89,1
LF:40
LH:35
end_of_record
SF:lib\presentation\provider\on_the_air_notifier.dart
DA:13,0
DA:17,0
DA:21,0
DA:34,0
DA:36,0
DA:37,0
DA:41,0
DA:42,0
DA:44,0
DA:45,0
DA:46,0
DA:47,0
DA:48,0
DA:49,0
DA:55,0
DA:56,0
DA:57,0
DA:61,0
DA:63,0
DA:65,0
DA:70,0
DA:71,0
DA:72,0
DA:74,0
DA:76,0
DA:79,0
DA:80,0
DA:81,0
DA:86,0
DA:87,0
DA:89,0
DA:91,0
DA:94,0
DA:97,0
DA:99,0
DA:101,0
DA:102,0
DA:103,0
DA:108,0
DA:112,0
DA:113,0
DA:114,0
DA:115,0
DA:116,0
DA:117,0
DA:119,0
DA:120,0
DA:121,0
DA:123,0
DA:124,0
DA:125,0
DA:127,0
DA:129,0
DA:131,0
DA:134,0
LF:55
LH:0
end_of_record
SF:lib\presentation\provider\popular_tv_notifier.dart
DA:13,0
DA:17,0
DA:21,0
DA:34,0
DA:36,0
DA:37,0
DA:41,0
DA:42,0
DA:44,0
DA:45,0
DA:46,0
DA:47,0
DA:48,0
DA:49,0
DA:55,0
DA:56,0
DA:57,0
DA:61,0
DA:63,0
DA:65,0
DA:70,0
DA:71,0
DA:72,0
DA:74,0
DA:76,0
DA:79,0
DA:80,0
DA:81,0
DA:86,0
DA:87,0
DA:89,0
DA:91,0
DA:94,0
DA:96,0
DA:98,0
DA:100,0
DA:101,0
DA:102,0
DA:107,0
DA:111,0
DA:112,0
DA:113,0
DA:114,0
DA:115,0
DA:116,0
DA:118,0
DA:119,0
DA:120,0
DA:122,0
DA:123,0
DA:124,0
DA:126,0
DA:128,0
DA:130,0
DA:133,0
LF:55
LH:0
end_of_record
SF:lib\presentation\provider\top_rated_tv_notifier.dart
DA:13,0
DA:17,0
DA:21,0
DA:34,0
DA:36,0
DA:37,0
DA:41,0
DA:42,0
DA:44,0
DA:45,0
DA:46,0
DA:47,0
DA:48,0
DA:49,0
DA:55,0
DA:56,0
DA:57,0
DA:61,0
DA:63,0
DA:65,0
DA:70,0
DA:71,0
DA:72,0
DA:74,0
DA:76,0
DA:79,0
DA:80,0
DA:81,0
DA:86,0
DA:87,0
DA:89,0
DA:91,0
DA:94,0
DA:96,0
DA:98,0
DA:100,0
DA:101,0
DA:102,0
DA:107,0
DA:109,0
DA:110,0
DA:111,0
DA:112,0
DA:113,0
DA:114,0
DA:116,0
DA:117,0
DA:118,0
DA:120,0
DA:121,0
DA:122,0
DA:124,0
DA:126,0
DA:128,0
DA:131,0
LF:55
LH:0
end_of_record
SF:lib\presentation\provider\tv_detail_notifier.dart
DA:22,1
DA:32,2
DA:36,2
DA:40,2
DA:44,2
DA:48,2
DA:52,2
DA:54,1
DA:55,1
DA:56,1
DA:57,2
DA:58,2
DA:59,1
DA:60,1
DA:61,1
DA:62,2
DA:63,1
DA:65,1
DA:66,1
DA:67,1
DA:68,1
DA:69,1
DA:70,1
DA:71,1
DA:72,2
DA:74,1
DA:75,1
DA:76,1
DA:80,1
DA:81,1
DA:88,2
DA:90,1
DA:91,2
DA:93,1
DA:94,1
DA:95,2
DA:96,3
DA:98,1
DA:99,1
DA:100,3
DA:104,2
DA:107,1
DA:108,2
DA:110,1
DA:111,1
DA:112,2
DA:113,3
DA:115,1
DA:116,1
DA:117,3
DA:121,2
DA:124,1
DA:125,2
DA:127,1
DA:128,0
DA:130,0
DA:132,1
DA:133,1
DA:138,1
LF:59
LH:57
end_of_record
SF:lib\presentation\provider\tv_list_notifier.dart
DA:13,2
DA:14,1
DA:15,1
DA:16,1
DA:21,2
DA:25,2
DA:29,2
DA:33,2
DA:37,2
DA:41,2
DA:45,2
DA:49,2
DA:59,0
DA:60,1
DA:61,1
DA:62,1
DA:75,0
DA:77,0
DA:78,0
DA:79,0
DA:84,0
DA:85,1
DA:86,1
DA:87,1
DA:91,1
DA:98,0
DA:108,0
DA:109,0
DA:111,0
DA:112,0
DA:113,0
DA:114,0
DA:115,0
DA:116,0
DA:120,0
DA:121,0
DA:122,0
DA:123,0
DA:124,0
DA:125,0
DA:129,0
DA:130,0
DA:131,0
DA:132,0
DA:133,0
DA:134,0
DA:138,0
DA:139,0
DA:140,0
DA:141,0
DA:142,0
DA:143,0
DA:149,0
DA:150,0
DA:151,0
DA:152,0
DA:153,0
DA:154,0
DA:155,0
DA:156,0
DA:157,0
DA:159,0
DA:161,0
DA:164,0
DA:165,0
DA:166,0
DA:167,0
DA:168,0
DA:169,0
DA:174,1
DA:175,2
DA:176,1
DA:180,1
DA:182,2
DA:184,1
DA:189,0
DA:190,0
DA:191,0
DA:195,0
DA:197,0
DA:199,0
DA:204,0
DA:205,0
DA:206,0
DA:210,0
DA:212,0
DA:214,0
DA:219,0
DA:220,0
DA:221,0
DA:225,0
DA:227,0
DA:229,0
DA:234,1
DA:235,1
DA:237,1
DA:238,1
DA:239,1
DA:240,1
DA:242,1
DA:243,1
DA:244,1
DA:245,1
DA:248,2
DA:249,2
DA:250,2
DA:251,2
DA:254,1
DA:255,1
DA:256,1
DA:257,1
DA:258,1
DA:261,2
DA:262,1
DA:263,1
DA:264,1
DA:265,1
DA:268,2
DA:270,2
DA:271,3
DA:272,2
DA:277,1
DA:281,3
DA:282,1
DA:283,1
DA:284,1
DA:285,2
DA:286,1
DA:288,1
DA:289,1
DA:292,1
DA:293,2
DA:294,2
DA:296,0
DA:297,0
DA:311,1
DA:317,1
DA:321,3
DA:322,1
DA:323,1
DA:324,1
DA:325,2
DA:326,1
DA:328,1
DA:329,1
DA:331,1
DA:332,2
DA:333,1
DA:335,0
DA:337,2
DA:339,0
DA:342,1
DA:348,1
DA:352,3
DA:353,1
DA:354,1
DA:355,1
DA:356,2
DA:357,1
DA:359,1
DA:360,1
DA:363,1
DA:364,2
DA:365,1
DA:367,0
DA:369,2
DA:371,0
DA:374,1
DA:380,1
DA:384,3
DA:385,1
DA:386,1
DA:387,1
DA:388,2
DA:389,1
DA:391,1
DA:392,1
DA:395,1
DA:396,2
DA:397,1
DA:399,0
DA:401,2
DA:403,0
DA:406,1
LF:184
LH:108
end_of_record
SF:lib\presentation\provider\tv_search_notifier.dart
DA:9,1
DA:13,2
DA:17,2
DA:21,2
DA:23,1
DA:25,2
DA:26,1
DA:30,2
DA:31,1
DA:38,1
DA:40,1
DA:41,1
DA:42,1
DA:46,1
DA:47,1
DA:49,2
DA:51,1
DA:52,1
DA:53,1
DA:54,2
DA:55,1
DA:57,1
DA:58,1
DA:59,1
DA:60,1
LF:25
LH:25
end_of_record
SF:lib\presentation\provider\watchlist_tv_notifier.dart
DA:9,2
DA:13,2
DA:17,2
DA:21,1
DA:23,1
DA:24,1
DA:25,1
DA:27,2
DA:28,1
DA:29,1
DA:30,1
DA:31,2
DA:32,1
DA:34,1
DA:35,1
DA:36,1
DA:37,1
LF:17
LH:17
end_of_record
SF:lib\presentation\widgets\tv_card.dart
DA:10,6
DA:12,6
DA:14,6
DA:16,6
DA:17,2
DA:18,8
DA:19,6
DA:21,6
DA:23,6
DA:24,6
DA:25,6
DA:31,6
DA:33,6
DA:34,6
DA:35,12
DA:38,6
DA:40,6
DA:41,6
DA:42,12
DA:50,6
DA:52,6
DA:53,12
DA:55,12
DA:56,6
DA:57,18
DA:60,6
DA:61,12
DA:63,0
LF:28
LH:27
end_of_record
SF:lib\presentation\bloc\see_more_on_the_air\see_more_on_the_air_tv_event.dart
LF:0
LH:0
end_of_record
SF:lib\presentation\bloc\see_more_on_the_air\see_more_on_the_air_tv_state.dart
LF:0
LH:0
end_of_record
SF:lib\presentation\bloc\see_more_popular\see_more_popular_tv_state.dart
LF:0
LH:0
end_of_record
SF:lib\presentation\bloc\see_more_popular\see_more_popular_tv_event.dart
LF:0
LH:0
end_of_record
SF:lib\presentation\bloc\see_more_top_rated\see_more_top_rated_tv_event.dart
LF:0
LH:0
end_of_record
SF:lib\presentation\bloc\see_more_top_rated\see_more_top_rated_tv_state.dart
LF:0
LH:0
end_of_record
SF:lib\presentation\bloc\tv_detail\tv_detail_event.dart
LF:0
LH:0
end_of_record
SF:lib\presentation\bloc\tv_detail\tv_detail_state.dart
LF:0
LH:0
end_of_record
SF:lib\presentation\bloc\tv_list\airing_today\airing_today_tv_event.dart
LF:0
LH:0
end_of_record
SF:lib\presentation\bloc\tv_list\airing_today\airing_today_tv_state.dart
LF:0
LH:0
end_of_record
SF:lib\presentation\bloc\tv_list\on_the_air\on_the_air_tv_state.dart
LF:0
LH:0
end_of_record
SF:lib\presentation\bloc\tv_list\on_the_air\on_the_air_tv_event.dart
LF:0
LH:0
end_of_record
SF:lib\presentation\bloc\tv_list\popular\popular_tv_event.dart
LF:0
LH:0
end_of_record
SF:lib\presentation\bloc\tv_list\popular\popular_tv_state.dart
LF:0
LH:0
end_of_record
SF:lib\presentation\bloc\tv_list\top_rated\top_rated_tv_state.dart
LF:0
LH:0
end_of_record
SF:lib\presentation\bloc\tv_list\top_rated\top_rated_tv_event.dart
LF:0
LH:0
end_of_record
SF:lib\presentation\bloc\tv_search\tv_search_event.dart
LF:0
LH:0
end_of_record
SF:lib\presentation\bloc\tv_search\tv_search_state.dart
LF:0
LH:0
end_of_record
SF:lib\presentation\bloc\tv_watchlist\watchlist_tv_state.dart
LF:0
LH:0
end_of_record
SF:lib\presentation\bloc\tv_watchlist\watchlist_tv_event.dart
LF:0
LH:0
end_of_record
