SF:lib\data\models\movie_detail_model.dart
DA:7,2
DA:53,1
DA:54,1
DA:55,1
DA:56,1
DA:57,1
DA:58,1
DA:59,4
DA:61,1
DA:62,1
DA:63,1
DA:64,1
DA:65,1
DA:66,1
DA:67,2
DA:68,1
DA:69,1
DA:70,1
DA:71,1
DA:72,1
DA:73,1
DA:74,1
DA:75,1
DA:76,2
DA:77,1
DA:80,0
DA:81,0
DA:82,0
DA:83,0
DA:84,0
DA:85,0
DA:86,0
DA:87,0
DA:88,0
DA:89,0
DA:90,0
DA:91,0
DA:92,0
DA:93,0
DA:94,0
DA:95,0
DA:96,0
DA:97,0
DA:98,0
DA:99,0
DA:100,0
DA:101,0
DA:104,1
DA:105,1
DA:106,1
DA:107,1
DA:108,5
DA:109,1
DA:110,1
DA:111,1
DA:112,1
DA:113,1
DA:114,1
DA:115,1
DA:116,1
DA:117,1
DA:121,1
DA:122,1
DA:123,1
DA:124,1
DA:125,1
DA:126,1
DA:127,1
DA:128,1
DA:129,1
DA:130,1
DA:131,1
DA:132,1
DA:133,1
DA:134,1
DA:135,1
DA:136,1
DA:137,1
DA:138,1
DA:139,1
DA:140,1
DA:141,1
DA:142,1
DA:143,1
LF:84
LH:62
end_of_record
SF:lib\data\models\cache\movie_detail_table.dart
DA:32,1
DA:46,2
DA:47,1
DA:48,1
DA:49,1
DA:50,1
DA:51,1
DA:52,1
DA:53,1
DA:57,1
DA:58,7
DA:63,0
DA:64,0
DA:65,0
DA:66,0
DA:67,0
DA:68,0
DA:69,0
DA:70,0
DA:71,0
DA:72,0
DA:77,0
DA:78,0
DA:79,0
DA:80,0
DA:81,0
DA:82,0
DA:83,0
DA:84,0
DA:85,0
DA:87,0
DA:88,0
DA:93,0
DA:94,0
DA:95,0
DA:96,0
DA:97,0
DA:98,0
DA:99,0
DA:100,0
DA:101,0
DA:107,2
DA:108,1
DA:109,1
DA:110,1
DA:111,1
DA:112,1
DA:113,1
DA:114,1
DA:119,1
DA:120,2
DA:121,5
DA:122,1
DA:123,0
DA:126,0
DA:127,0
DA:128,0
DA:129,0
DA:130,0
DA:131,0
DA:132,0
DA:133,0
DA:134,0
DA:135,0
LF:64
LH:23
end_of_record
SF:lib\domain\usecase\get_now_playing_movies.dart
DA:9,1
DA:11,1
DA:12,2
LF:3
LH:3
end_of_record
SF:lib\domain\usecase\get_popular_movies.dart
DA:9,1
DA:11,1
DA:12,2
LF:3
LH:3
end_of_record
SF:lib\domain\usecase\get_top_rated_movies.dart
DA:9,1
DA:11,1
DA:12,2
LF:3
LH:3
end_of_record
SF:lib\domain\usecase\get_up_coming_movies.dart
DA:9,1
DA:11,1
DA:12,2
LF:3
LH:3
end_of_record
SF:lib\presentation\bloc\movie_list\movie_list_bloc.dart
DA:17,1
DA:22,1
DA:25,2
DA:28,2
DA:31,1
DA:32,1
DA:33,1
DA:35,3
DA:36,3
DA:37,3
DA:41,0
DA:42,0
DA:43,0
DA:44,0
DA:49,1
DA:53,1
DA:56,2
DA:57,2
DA:58,2
DA:59,2
DA:60,2
DA:64,3
DA:65,2
DA:66,2
DA:67,4
DA:68,0
DA:74,1
DA:75,1
DA:76,2
DA:77,2
DA:78,2
DA:79,2
DA:84,3
DA:85,3
DA:86,3
DA:87,3
DA:93,1
DA:98,1
DA:102,1
DA:106,2
DA:107,1
DA:108,1
DA:110,2
DA:111,1
DA:113,1
DA:114,5
DA:115,1
DA:116,1
DA:117,2
DA:118,3
DA:119,2
DA:120,1
DA:129,1
DA:133,2
DA:134,1
DA:135,1
DA:137,3
DA:138,1
DA:139,5
DA:140,2
DA:141,2
DA:142,3
DA:143,2
DA:144,1
DA:151,1
DA:155,2
DA:156,1
DA:157,1
DA:159,3
DA:160,1
DA:161,5
DA:162,2
DA:163,2
DA:164,3
DA:165,2
DA:166,1
DA:173,1
DA:177,2
DA:178,1
DA:179,1
DA:181,3
DA:182,1
DA:183,5
DA:184,2
DA:185,2
DA:186,3
DA:187,2
DA:188,1
LF:88
LH:83
end_of_record
SF:lib\domain\usecase\get_movie_detail.dart
DA:19,1
DA:21,1
DA:22,2
LF:3
LH:3
end_of_record
SF:lib\domain\usecase\get_movie_recommendations.dart
DA:9,1
DA:11,1
DA:12,2
LF:3
LH:3
end_of_record
SF:lib\domain\usecase\get_watchlist_status.dart
DA:8,1
DA:10,1
DA:11,2
LF:3
LH:3
end_of_record
SF:lib\domain\usecase\save_watchlist.dart
DA:9,1
DA:11,1
DA:12,2
LF:3
LH:3
end_of_record
SF:lib\domain\usecase\remove_watchlist.dart
DA:9,1
DA:11,1
DA:12,2
LF:3
LH:3
end_of_record
SF:lib\presentation\bloc\movie_detail\movie_detail_bloc.dart
DA:20,1
DA:26,1
DA:27,2
DA:28,2
DA:29,2
DA:32,1
DA:36,1
DA:39,2
DA:40,3
DA:41,3
DA:42,3
DA:45,1
DA:46,1
DA:47,1
DA:49,1
DA:50,1
DA:51,3
DA:53,1
DA:54,1
DA:56,1
DA:57,1
DA:59,1
DA:60,1
DA:62,1
DA:68,1
DA:69,1
DA:70,1
DA:83,1
DA:88,2
DA:89,1
DA:90,3
DA:92,4
DA:94,1
DA:95,1
DA:96,4
DA:98,1
DA:99,1
DA:100,2
DA:102,1
DA:110,1
DA:114,2
DA:115,1
DA:116,3
DA:118,4
DA:120,1
DA:121,1
DA:122,4
DA:124,1
DA:125,1
DA:126,2
DA:128,1
LF:51
LH:51
end_of_record
SF:lib\presentation\bloc\see_more_popular\see_more_popular_movie_bloc.dart
DA:17,1
DA:18,2
DA:20,2
DA:23,2
DA:26,1
DA:27,1
DA:28,1
DA:33,0
DA:34,0
DA:35,0
DA:36,0
DA:40,1
DA:44,1
DA:47,4
DA:50,3
DA:51,2
DA:52,2
DA:53,2
DA:54,2
DA:56,0
DA:62,1
DA:63,1
DA:64,2
DA:66,3
DA:71,0
DA:76,0
DA:79,1
DA:83,2
DA:84,1
DA:85,1
DA:87,3
DA:88,1
DA:89,0
DA:90,2
DA:91,2
DA:92,3
DA:93,2
DA:94,1
LF:38
LH:30
end_of_record
SF:lib\domain\usecase\search_movies.dart
DA:9,1
DA:11,1
DA:12,2
LF:3
LH:3
end_of_record
SF:lib\presentation\bloc\movie_search\movie_search_bloc.dart
DA:17,0
DA:38,0
DA:39,0
DA:44,0
DA:55,0
DA:59,0
DA:63,0
DA:64,0
DA:68,0
DA:69,0
DA:77,0
DA:79,0
DA:81,0
DA:82,0
DA:84,0
DA:86,0
DA:89,0
LF:17
LH:0
end_of_record
SF:lib\presentation\bloc\see_more_top_rated\see_more_top_rated_movie_bloc.dart
DA:17,1
DA:18,2
DA:20,2
DA:23,2
DA:26,1
DA:27,1
DA:28,1
DA:33,0
DA:34,0
DA:35,0
DA:36,0
DA:40,1
DA:44,1
DA:47,4
DA:50,3
DA:51,2
DA:52,2
DA:53,2
DA:54,2
DA:56,0
DA:62,1
DA:63,1
DA:64,2
DA:66,3
DA:71,0
DA:76,0
DA:79,1
DA:83,2
DA:84,1
DA:85,1
DA:87,3
DA:88,1
DA:89,0
DA:90,2
DA:91,2
DA:92,3
DA:93,2
DA:94,1
LF:38
LH:30
end_of_record
SF:lib\presentation\bloc\see_more_upcoming\see_more_upcoming_movie_bloc.dart
DA:17,1
DA:18,2
DA:20,2
DA:23,2
DA:26,1
DA:27,1
DA:28,1
DA:33,0
DA:34,0
DA:35,0
DA:36,0
DA:40,1
DA:44,1
DA:47,4
DA:50,3
DA:51,2
DA:52,2
DA:53,2
DA:54,2
DA:56,0
DA:62,1
DA:63,1
DA:64,2
DA:66,3
DA:71,0
DA:76,0
DA:79,1
DA:83,2
DA:84,1
DA:85,1
DA:87,3
DA:88,1
DA:89,0
DA:90,2
DA:91,2
DA:92,3
DA:93,2
DA:94,1
LF:38
LH:30
end_of_record
SF:lib\domain\usecase\get_watchlist_movies.dart
DA:9,1
DA:11,1
DA:12,2
LF:3
LH:3
end_of_record
SF:lib\presentation\bloc\movie_watchlist\watchlist_movie_bloc.dart
DA:15,1
DA:16,2
DA:18,2
DA:21,1
DA:26,1
DA:29,2
DA:32,1
DA:34,1
DA:35,3
DA:38,1
DA:39,1
DA:40,1
LF:12
LH:12
end_of_record
SF:lib\data\datasources\movie_remote_data_source.dart
DA:28,1
DA:30,1
DA:35,2
DA:36,2
DA:39,2
DA:40,4
DA:42,1
DA:45,1
DA:49,1
DA:51,2
DA:54,2
DA:56,2
DA:57,3
DA:59,1
DA:62,1
DA:66,1
DA:69,2
DA:70,2
DA:73,2
DA:74,4
DA:76,1
DA:79,1
DA:83,1
DA:88,2
DA:89,2
DA:92,2
DA:93,4
DA:95,1
DA:98,1
DA:102,1
DA:107,2
DA:108,2
DA:111,2
DA:112,4
DA:114,1
DA:117,1
DA:121,1
DA:126,2
DA:127,2
DA:130,2
DA:131,4
DA:133,1
DA:136,1
DA:140,1
DA:143,2
DA:144,2
DA:147,2
DA:148,4
DA:150,1
DA:153,1
LF:50
LH:50
end_of_record
SF:lib\data\datasources\movie_local_data_source.dart
DA:44,2
DA:46,1
DA:49,2
DA:52,2
DA:56,1
DA:59,2
DA:62,2
DA:66,1
DA:68,2
DA:70,1
DA:76,1
DA:78,2
DA:79,4
DA:88,2
DA:91,4
DA:92,4
DA:94,2
DA:114,2
DA:117,4
DA:118,2
DA:119,8
DA:121,2
DA:124,2
DA:127,2
DA:132,2
DA:135,4
DA:136,4
DA:138,2
DA:142,2
DA:145,4
DA:146,2
DA:147,8
DA:149,2
DA:152,2
DA:155,2
DA:160,2
DA:163,4
DA:164,4
DA:166,2
DA:170,2
DA:173,4
DA:174,2
DA:175,8
DA:177,2
DA:180,2
DA:183,2
DA:188,2
DA:191,4
DA:192,4
DA:194,2
DA:198,2
DA:201,4
DA:202,2
DA:203,8
DA:205,2
DA:208,2
DA:211,2
DA:216,0
DA:219,0
DA:221,0
DA:225,0
DA:228,0
DA:230,0
DA:232,0
DA:237,0
DA:240,0
LF:66
LH:57
end_of_record
SF:lib\data\models\cache\movie_table.dart
DA:13,2
DA:20,2
DA:21,1
DA:22,1
DA:23,1
DA:24,1
DA:27,4
DA:28,2
DA:29,2
DA:30,2
DA:31,2
DA:35,2
DA:36,1
DA:37,1
DA:38,1
DA:39,1
DA:42,0
DA:43,0
DA:44,0
DA:45,0
DA:46,0
DA:49,0
DA:50,0
DA:51,0
DA:52,0
DA:53,0
DA:56,2
DA:57,1
DA:58,1
DA:59,1
DA:60,1
DA:63,2
DA:65,10
LF:33
LH:23
end_of_record
SF:lib\domain\entities\movie.dart
DA:4,23
DA:20,2
DA:49,8
DA:50,8
DA:51,8
DA:52,8
DA:53,8
DA:54,8
DA:55,8
DA:56,8
DA:57,8
DA:58,8
DA:59,8
DA:60,8
DA:61,8
DA:62,8
DA:63,8
LF:17
LH:17
end_of_record
SF:lib\domain\entities\movie_detail.dart
DA:5,7
DA:20,1
DA:47,2
DA:48,2
DA:49,2
DA:50,2
DA:51,2
DA:52,2
DA:53,2
DA:54,2
DA:55,2
DA:56,2
DA:57,2
DA:58,2
DA:59,2
LF:15
LH:15
end_of_record
SF:lib\data\models\movie_model.dart
DA:6,4
DA:36,6
DA:37,3
DA:38,3
DA:39,12
DA:40,3
DA:41,3
DA:42,3
DA:43,6
DA:44,3
DA:45,3
DA:46,3
DA:47,3
DA:48,6
DA:49,3
DA:52,4
DA:53,2
DA:54,2
DA:55,8
DA:56,2
DA:57,2
DA:58,2
DA:59,2
DA:60,2
DA:61,2
DA:62,2
DA:63,2
DA:64,2
DA:65,2
DA:68,2
DA:69,2
DA:70,2
DA:71,2
DA:72,2
DA:73,2
DA:74,2
DA:75,2
DA:76,2
DA:77,2
DA:78,2
DA:79,2
DA:80,2
DA:81,2
DA:82,2
DA:86,3
DA:87,3
DA:88,3
DA:89,3
DA:90,3
DA:91,3
DA:92,3
DA:93,3
DA:94,3
DA:95,3
DA:96,3
DA:97,3
DA:98,3
DA:99,3
DA:100,3
LF:59
LH:59
end_of_record
SF:lib\data\models\movie_response.dart
DA:7,3
DA:9,4
DA:10,4
DA:11,6
DA:12,6
DA:15,2
DA:16,5
DA:19,1
DA:20,2
LF:9
LH:9
end_of_record
SF:lib\data\repositories\movie_repository_impl.dart
DA:25,1
DA:53,1
DA:57,2
DA:59,2
DA:61,2
DA:62,4
DA:64,5
DA:65,1
DA:66,2
DA:70,2
DA:71,5
DA:72,1
DA:73,3
DA:74,0
DA:75,0
DA:80,1
DA:82,2
DA:84,2
DA:87,2
DA:88,2
DA:91,2
DA:92,1
DA:93,2
DA:97,2
DA:98,2
DA:99,1
DA:100,3
DA:101,1
DA:102,2
DA:107,1
DA:110,2
DA:111,5
DA:112,1
DA:113,2
DA:114,1
DA:115,2
DA:132,1
DA:136,2
DA:138,2
DA:140,2
DA:141,4
DA:143,5
DA:144,1
DA:145,2
DA:149,2
DA:150,5
DA:151,1
DA:152,3
DA:153,0
DA:154,0
DA:159,1
DA:163,2
DA:165,2
DA:167,2
DA:168,4
DA:170,5
DA:171,1
DA:172,2
DA:176,2
DA:177,5
DA:178,1
DA:179,3
DA:180,0
DA:181,0
DA:186,1
DA:190,2
DA:192,2
DA:194,2
DA:195,4
DA:197,5
DA:198,1
DA:199,2
DA:203,2
DA:204,5
DA:205,1
DA:206,3
DA:207,0
DA:208,0
DA:213,1
DA:215,2
DA:217,2
DA:218,5
DA:219,1
DA:220,2
DA:223,2
DA:227,1
DA:231,2
DA:233,2
DA:234,1
DA:236,1
DA:237,1
DA:238,3
DA:244,1
DA:247,2
DA:248,1
DA:250,1
DA:251,1
DA:252,3
DA:256,1
DA:259,2
DA:260,1
DA:261,1
DA:262,3
DA:266,1
DA:269,2
DA:270,5
DA:271,1
DA:272,3
LF:108
LH:100
end_of_record
SF:lib\presentation\pages\home_movie_page.dart
DA:11,1
DA:13,1
DA:14,1
DA:26,1
DA:29,1
DA:31,1
DA:33,2
DA:34,2
DA:35,2
DA:36,2
DA:37,2
DA:39,2
DA:44,2
DA:45,0
DA:53,2
DA:54,0
DA:55,0
DA:60,2
DA:61,0
DA:62,0
DA:67,2
DA:68,0
DA:69,0
DA:74,2
DA:75,0
DA:76,0
DA:83,1
DA:85,1
DA:87,1
DA:88,1
DA:90,1
DA:92,0
DA:95,0
DA:98,1
DA:99,1
DA:100,1
DA:102,1
DA:108,1
DA:109,1
DA:111,1
DA:112,2
DA:114,1
DA:115,2
DA:118,1
DA:119,1
DA:120,3
DA:124,1
DA:125,1
DA:128,1
DA:132,1
DA:133,1
DA:134,1
DA:135,1
DA:136,1
DA:137,1
DA:138,1
DA:139,1
DA:140,1
DA:142,1
DA:147,1
DA:149,1
DA:151,2
DA:152,1
DA:155,1
DA:160,1
DA:162,1
DA:163,1
DA:165,1
DA:168,1
DA:173,1
DA:175,1
DA:176,1
DA:178,1
DA:181,1
DA:186,1
DA:188,1
DA:189,1
DA:191,1
DA:194,1
DA:200,2
DA:201,1
DA:202,1
DA:208,3
DA:210,1
DA:211,1
DA:212,1
DA:214,1
DA:215,1
DA:220,2
DA:225,1
DA:227,0
DA:231,1
DA:242,1
DA:243,1
DA:245,1
DA:246,2
DA:247,1
DA:263,1
DA:266,1
DA:267,2
DA:268,2
DA:269,2
DA:270,2
DA:271,2
DA:272,1
DA:281,1
DA:290,1
DA:292,2
DA:299,1
DA:301,1
DA:302,1
DA:306,3
DA:307,1
DA:309,3
DA:313,2
DA:314,3
DA:315,1
DA:317,1
DA:318,1
DA:320,1
DA:323,1
DA:326,1
DA:327,2
DA:328,1
DA:329,2
DA:330,1
DA:331,2
DA:332,0
LF:128
LH:115
end_of_record
SF:lib\presentation\pages\movie_detail_page.dart
DA:13,1
DA:15,1
DA:16,1
DA:20,1
DA:22,1
DA:34,6
DA:37,1
DA:39,1
DA:40,1
DA:41,1
DA:42,1
DA:43,1
DA:44,1
DA:45,1
DA:46,0
DA:47,2
DA:48,1
DA:50,3
DA:52,0
DA:54,0
DA:55,0
DA:62,1
DA:63,1
DA:65,1
DA:68,2
DA:69,1
DA:75,1
DA:76,1
DA:77,1
DA:78,1
DA:80,1
DA:81,1
DA:94,3
DA:96,0
DA:97,0
DA:98,0
DA:103,0
DA:150,1
DA:157,1
DA:159,3
DA:160,1
DA:161,1
DA:163,1
DA:164,3
DA:167,3
DA:168,0
DA:172,1
DA:174,1
DA:175,1
DA:176,1
DA:177,1
DA:179,2
DA:182,1
DA:183,1
DA:184,1
DA:186,1
DA:188,1
DA:190,1
DA:191,4
DA:193,1
DA:194,1
DA:195,1
DA:196,2
DA:197,2
DA:205,2
DA:206,2
DA:241,1
DA:243,1
DA:244,1
DA:245,1
DA:246,1
DA:247,1
DA:251,4
DA:252,4
DA:253,1
DA:254,1
DA:255,1
DA:256,3
DA:259,2
DA:265,4
DA:268,1
DA:269,2
DA:270,3
DA:271,1
DA:272,2
DA:273,1
DA:274,1
DA:277,1
DA:278,1
DA:279,1
DA:281,1
DA:285,1
DA:286,1
DA:288,1
DA:290,1
DA:291,1
DA:292,1
DA:296,1
DA:297,0
DA:298,0
DA:301,0
DA:304,1
DA:309,1
DA:311,2
DA:313,1
DA:321,0
DA:333,1
DA:405,1
DA:407,1
DA:422,1
DA:424,1
DA:427,1
DA:428,1
DA:429,0
DA:430,0
DA:439,1
DA:441,2
DA:442,3
DA:445,1
DA:449,3
DA:452,1
DA:453,1
DA:454,1
DA:456,1
DA:457,1
DA:459,0
LF:126
LH:110
end_of_record
SF:lib\presentation\pages\popular_movies_page.dart
DA:9,1
DA:11,1
DA:12,1
DA:20,1
DA:22,1
DA:23,2
DA:27,3
DA:28,1
DA:29,0
DA:34,2
DA:35,2
DA:36,0
DA:37,0
DA:44,1
DA:46,2
DA:47,2
DA:48,1
DA:52,1
DA:55,1
DA:58,1
DA:60,1
DA:61,2
DA:62,1
DA:64,1
DA:65,1
DA:67,1
DA:68,2
DA:70,1
DA:71,0
DA:74,1
DA:75,1
DA:77,3
DA:78,1
DA:79,1
DA:87,2
DA:88,1
DA:89,1
DA:92,1
DA:93,1
DA:97,0
DA:117,1
DA:118,1
DA:120,1
DA:123,0
DA:125,0
DA:128,0
DA:135,1
DA:137,1
DA:142,1
DA:143,1
DA:144,1
DA:145,1
DA:146,1
DA:147,1
DA:148,1
DA:153,3
DA:155,1
DA:156,1
DA:157,1
DA:159,1
DA:160,1
DA:165,2
DA:170,1
DA:173,3
DA:177,1
LF:65
LH:57
end_of_record
SF:lib\presentation\pages\search_movie_page.dart
DA:10,1
DA:12,1
DA:14,1
DA:15,2
DA:16,1
DA:18,1
DA:20,1
DA:21,1
DA:22,1
DA:23,3
DA:26,1
DA:28,1
DA:29,1
DA:33,1
DA:34,2
DA:37,1
DA:38,1
DA:39,1
DA:40,1
DA:41,1
DA:42,1
DA:43,1
DA:51,1
DA:52,1
DA:54,1
DA:55,1
DA:56,1
DA:62,1
DA:63,1
DA:65,1
DA:66,1
DA:67,1
DA:69,1
DA:72,1
DA:74,1
DA:75,1
DA:76,1
DA:77,1
DA:84,1
DA:85,1
DA:86,1
DA:87,1
DA:89,1
DA:90,1
DA:96,2
LF:45
LH:45
end_of_record
SF:lib\presentation\pages\top_rated_movies_page.dart
DA:9,1
DA:11,1
DA:12,1
DA:20,1
DA:22,1
DA:23,2
DA:27,3
DA:28,1
DA:29,0
DA:34,2
DA:35,2
DA:36,0
DA:37,0
DA:44,1
DA:46,2
DA:47,2
DA:48,1
DA:52,1
DA:55,1
DA:58,1
DA:60,1
DA:61,2
DA:62,1
DA:65,1
DA:69,1
DA:71,1
DA:72,2
DA:74,1
DA:75,0
DA:78,1
DA:82,1
DA:84,1
DA:85,2
DA:86,1
DA:87,1
DA:95,2
DA:96,1
DA:97,1
DA:100,1
DA:101,1
DA:105,0
DA:125,1
DA:126,1
DA:128,1
DA:131,0
DA:133,0
DA:136,0
DA:143,1
DA:145,1
DA:150,1
DA:151,1
DA:152,1
DA:153,1
DA:154,1
DA:155,1
DA:156,1
DA:161,3
DA:163,1
DA:164,1
DA:165,1
DA:167,1
DA:168,1
DA:173,2
DA:178,1
DA:181,3
DA:185,1
LF:66
LH:58
end_of_record
SF:lib\presentation\pages\up_coming_movies_page.dart
DA:9,1
DA:11,1
DA:12,1
DA:20,1
DA:22,1
DA:23,2
DA:27,3
DA:28,1
DA:29,0
DA:34,2
DA:35,2
DA:36,0
DA:37,0
DA:44,1
DA:46,2
DA:47,2
DA:48,1
DA:52,1
DA:55,1
DA:58,1
DA:60,1
DA:61,2
DA:62,1
DA:63,1
DA:64,1
DA:68,1
DA:70,1
DA:71,2
DA:73,1
DA:74,0
DA:77,1
DA:81,1
DA:83,1
DA:84,2
DA:85,1
DA:86,1
DA:94,2
DA:95,1
DA:96,1
DA:99,1
DA:100,1
DA:104,0
DA:124,1
DA:125,1
DA:127,1
DA:130,0
DA:132,0
DA:135,0
DA:142,1
DA:144,1
DA:149,1
DA:150,1
DA:151,1
DA:152,1
DA:153,1
DA:154,1
DA:155,1
DA:160,3
DA:162,1
DA:163,1
DA:164,1
DA:166,1
DA:167,1
DA:172,2
DA:177,1
DA:180,3
DA:184,1
LF:67
LH:59
end_of_record
SF:lib\presentation\pages\watchlist_movies_page.dart
DA:8,1
DA:10,1
DA:11,1
DA:16,1
DA:18,1
DA:19,3
DA:24,1
DA:26,1
DA:27,4
DA:30,0
DA:33,0
DA:36,0
DA:39,1
DA:41,1
DA:42,1
DA:43,1
DA:44,1
DA:45,1
DA:46,0
DA:50,0
DA:54,1
DA:57,1
DA:58,1
DA:60,3
DA:61,1
DA:62,1
DA:70,2
DA:71,1
DA:72,1
DA:73,1
DA:74,1
DA:75,1
DA:76,1
DA:77,1
DA:81,3
DA:82,1
DA:83,1
DA:92,1
DA:94,2
DA:95,1
LF:40
LH:35
end_of_record
SF:lib\presentation\provider\movie_detail_notifier.dart
DA:21,1
DA:31,2
DA:35,2
DA:39,2
DA:43,2
DA:47,2
DA:51,2
DA:53,1
DA:54,1
DA:55,1
DA:56,2
DA:57,2
DA:58,1
DA:59,1
DA:60,1
DA:61,2
DA:62,1
DA:64,1
DA:65,1
DA:66,1
DA:67,1
DA:68,1
DA:69,1
DA:70,1
DA:71,2
DA:73,1
DA:74,1
DA:75,1
DA:78,1
DA:79,1
DA:86,2
DA:88,1
DA:89,2
DA:91,1
DA:92,1
DA:93,2
DA:95,1
DA:96,1
DA:100,2
DA:103,1
DA:104,2
DA:106,1
DA:107,1
DA:108,2
DA:110,1
DA:111,1
DA:115,2
DA:118,1
DA:119,2
DA:121,1
DA:122,0
DA:124,0
DA:126,1
DA:127,1
DA:130,1
LF:55
LH:53
end_of_record
SF:lib\presentation\provider\movie_list_notifier.dart
DA:10,2
DA:12,1
DA:13,1
DA:14,1
DA:19,2
DA:23,2
DA:27,2
DA:33,2
DA:35,2
DA:39,2
DA:43,2
DA:47,2
DA:58,0
DA:60,1
DA:61,1
DA:62,1
DA:77,0
DA:79,1
DA:80,1
DA:81,1
DA:84,1
DA:91,0
DA:101,0
DA:102,0
DA:104,0
DA:105,0
DA:106,0
DA:107,0
DA:108,0
DA:109,0
DA:113,0
DA:114,0
DA:115,0
DA:116,0
DA:117,0
DA:118,0
DA:122,0
DA:123,0
DA:124,0
DA:125,0
DA:126,0
DA:127,0
DA:131,0
DA:132,0
DA:133,0
DA:134,0
DA:135,0
DA:136,0
DA:142,0
DA:143,0
DA:144,0
DA:145,0
DA:146,0
DA:147,0
DA:148,0
DA:149,0
DA:150,0
DA:152,0
DA:154,0
DA:157,0
DA:158,0
DA:159,0
DA:160,0
DA:161,0
DA:162,0
DA:167,1
DA:168,2
DA:169,1
DA:173,1
DA:175,2
DA:177,1
DA:181,0
DA:182,0
DA:183,0
DA:187,0
DA:189,0
DA:191,0
DA:195,0
DA:196,0
DA:197,0
DA:201,0
DA:203,0
DA:205,0
DA:209,0
DA:210,0
DA:211,0
DA:215,0
DA:217,0
DA:219,0
DA:224,1
DA:225,1
DA:227,1
DA:228,1
DA:229,1
DA:230,1
DA:232,1
DA:233,1
DA:234,1
DA:235,1
DA:238,2
DA:239,2
DA:240,2
DA:241,2
DA:244,1
DA:245,1
DA:246,1
DA:247,1
DA:248,1
DA:251,2
DA:252,1
DA:253,1
DA:254,1
DA:255,1
DA:258,2
DA:260,2
DA:261,3
DA:262,2
DA:266,1
DA:267,3
DA:271,3
DA:273,1
DA:274,1
DA:275,1
DA:276,2
DA:277,1
DA:279,1
DA:280,1
DA:281,1
DA:282,2
DA:283,1
DA:285,2
DA:287,2
DA:289,0
DA:293,1
DA:298,1
DA:299,3
DA:303,3
DA:304,1
DA:305,1
DA:306,1
DA:307,2
DA:308,1
DA:310,1
DA:311,1
DA:312,1
DA:313,2
DA:314,1
DA:316,0
DA:318,2
DA:320,0
DA:324,1
DA:329,1
DA:330,3
DA:334,3
DA:335,1
DA:336,1
DA:337,1
DA:338,2
DA:339,1
DA:341,1
DA:342,1
DA:344,1
DA:345,2
DA:346,1
DA:348,0
DA:350,2
DA:352,0
DA:356,1
DA:361,1
DA:362,3
DA:366,3
DA:367,1
DA:368,1
DA:369,1
DA:370,2
DA:371,1
DA:373,1
DA:374,1
DA:376,1
DA:377,2
DA:378,1
DA:380,0
DA:382,2
DA:384,0
DA:388,1
DA:393,0
DA:395,0
DA:396,0
DA:397,0
DA:398,0
DA:399,0
DA:400,0
DA:401,0
LF:193
LH:114
end_of_record
SF:lib\presentation\provider\movie_search_notifier.dart
DA:8,1
DA:12,2
DA:16,2
DA:20,2
DA:22,1
DA:24,2
DA:25,0
DA:29,2
DA:30,0
DA:37,1
DA:39,1
DA:40,0
DA:41,0
DA:45,1
DA:46,1
DA:48,2
DA:49,1
DA:50,1
DA:51,2
DA:52,1
DA:53,1
DA:55,1
DA:56,1
DA:57,1
DA:58,1
LF:25
LH:21
end_of_record
SF:lib\presentation\provider\popular_movies_notifier.dart
DA:12,2
DA:16,2
DA:20,2
DA:33,0
DA:35,1
DA:36,1
DA:40,1
DA:41,1
DA:43,2
DA:44,0
DA:45,0
DA:46,0
DA:47,0
DA:48,0
DA:54,0
DA:55,0
DA:56,0
DA:60,0
DA:62,0
DA:64,0
DA:69,1
DA:70,1
DA:72,1
DA:74,1
DA:77,2
DA:79,1
DA:81,0
DA:83,2
DA:84,3
DA:85,2
DA:89,1
DA:90,3
DA:95,3
DA:97,1
DA:98,1
DA:99,1
DA:100,2
DA:101,1
DA:102,3
DA:104,1
DA:105,1
DA:106,3
DA:108,1
DA:109,2
DA:110,1
DA:112,0
DA:114,2
DA:116,0
DA:119,1
DA:125,1
DA:126,1
DA:127,3
DA:129,1
DA:131,1
DA:134,0
DA:135,0
DA:136,0
LF:57
LH:39
end_of_record
SF:lib\presentation\provider\top_rated_movies_notifier.dart
DA:10,1
DA:11,1
DA:16,2
DA:20,2
DA:24,2
DA:37,0
DA:40,1
DA:41,1
DA:43,2
DA:44,0
DA:45,0
DA:46,0
DA:47,0
DA:48,0
DA:54,0
DA:55,0
DA:56,0
DA:60,0
DA:62,0
DA:64,0
DA:69,1
DA:70,1
DA:71,3
DA:73,1
DA:75,1
DA:78,0
DA:79,0
DA:80,0
DA:85,1
DA:86,1
DA:88,1
DA:90,1
DA:93,2
DA:96,1
DA:98,0
DA:100,2
DA:101,3
DA:102,2
DA:106,1
DA:107,3
DA:112,3
DA:114,1
DA:115,1
DA:116,2
DA:117,1
DA:118,1
DA:119,3
DA:121,1
DA:122,1
DA:123,3
DA:125,1
DA:126,2
DA:127,1
DA:129,0
DA:131,2
DA:133,0
DA:136,1
LF:57
LH:39
end_of_record
SF:lib\presentation\provider\up_coming_movies_notifier.dart
DA:10,1
DA:11,1
DA:16,2
DA:20,2
DA:24,2
DA:37,0
DA:40,1
DA:41,1
DA:43,2
DA:44,0
DA:45,0
DA:46,0
DA:47,0
DA:48,0
DA:54,0
DA:55,0
DA:56,0
DA:60,0
DA:62,0
DA:64,0
DA:69,1
DA:70,1
DA:71,3
DA:73,1
DA:75,1
DA:78,0
DA:79,0
DA:80,0
DA:85,1
DA:86,1
DA:88,1
DA:90,1
DA:93,2
DA:96,1
DA:98,0
DA:100,2
DA:101,3
DA:102,2
DA:106,1
DA:107,3
DA:111,3
DA:113,1
DA:114,1
DA:115,2
DA:116,1
DA:117,1
DA:118,3
DA:120,1
DA:121,1
DA:122,1
DA:123,2
DA:124,1
DA:126,0
DA:128,2
DA:130,0
DA:133,1
LF:56
LH:38
end_of_record
SF:lib\presentation\provider\watchlist_movie_notifier.dart
DA:8,2
DA:12,2
DA:16,2
DA:18,1
DA:22,1
DA:23,1
DA:24,1
DA:26,2
DA:27,1
DA:28,1
DA:29,1
DA:30,2
DA:31,1
DA:33,1
DA:34,1
DA:35,1
DA:36,1
LF:17
LH:17
end_of_record
SF:lib\presentation\widgets\movie_card_list.dart
DA:9,6
DA:11,6
DA:13,6
DA:15,6
DA:16,2
DA:17,6
DA:19,6
DA:21,6
DA:22,6
DA:23,6
DA:29,6
DA:31,6
DA:32,6
DA:33,12
DA:36,6
DA:38,6
DA:39,6
DA:40,12
DA:48,6
DA:50,6
DA:51,12
DA:53,12
DA:54,6
DA:55,18
DA:58,6
DA:59,12
DA:61,0
LF:27
LH:26
end_of_record
SF:lib\presentation\bloc\movie_detail\movie_detail_event.dart
LF:0
LH:0
end_of_record
SF:lib\presentation\bloc\movie_detail\movie_detail_state.dart
LF:0
LH:0
end_of_record
SF:lib\presentation\bloc\movie_list\movie_list_event.dart
LF:0
LH:0
end_of_record
SF:lib\presentation\bloc\movie_list\movie_list_state.dart
LF:0
LH:0
end_of_record
SF:lib\presentation\bloc\movie_search\movie_search_state.dart
LF:0
LH:0
end_of_record
SF:lib\presentation\bloc\movie_search\movie_search_event.dart
LF:0
LH:0
end_of_record
SF:lib\presentation\bloc\movie_watchlist\watchlist_movie_event.dart
LF:0
LH:0
end_of_record
SF:lib\presentation\bloc\movie_watchlist\watchlist_movie_state.dart
LF:0
LH:0
end_of_record
SF:lib\presentation\bloc\see_more_popular\see_more_popular_movie_event.dart
LF:0
LH:0
end_of_record
SF:lib\presentation\bloc\see_more_popular\see_more_popular_movie_state.dart
LF:0
LH:0
end_of_record
SF:lib\presentation\bloc\see_more_top_rated\see_more_top_rated_movie_state.dart
LF:0
LH:0
end_of_record
SF:lib\presentation\bloc\see_more_top_rated\see_more_top_rated_movie_event.dart
LF:0
LH:0
end_of_record
SF:lib\presentation\bloc\see_more_upcoming\see_more_upcoming_movie_event.dart
LF:0
LH:0
end_of_record
SF:lib\presentation\bloc\see_more_upcoming\see_more_upcoming_movie_state.dart
LF:0
LH:0
end_of_record
