SF:lib\common\exception.dart
DA:6,4
DA:12,4
LF:2
LH:2
end_of_record
SF:lib\data\datasources\movies\movie_local_data_source.dart
DA:45,2
DA:47,1
DA:50,2
DA:53,2
DA:57,1
DA:60,2
DA:63,2
DA:67,1
DA:69,2
DA:71,1
DA:77,1
DA:79,2
DA:80,4
DA:89,2
DA:92,4
DA:93,4
DA:95,2
DA:115,2
DA:118,4
DA:119,2
DA:120,8
DA:122,2
DA:125,2
DA:128,2
DA:133,2
DA:136,4
DA:137,4
DA:139,2
DA:143,2
DA:146,4
DA:147,4
DA:148,8
DA:150,2
DA:153,2
DA:156,2
DA:161,2
DA:164,4
DA:165,4
DA:167,2
DA:171,2
DA:174,4
DA:175,4
DA:176,8
DA:178,2
DA:181,2
DA:184,2
DA:189,2
DA:192,4
DA:193,4
DA:195,2
DA:199,2
DA:202,4
DA:203,4
DA:204,8
DA:206,2
DA:209,2
DA:212,2
DA:217,0
DA:220,0
DA:222,0
DA:226,0
DA:229,0
DA:231,0
DA:233,0
DA:236,0
DA:239,0
LF:66
LH:57
end_of_record
SF:lib\data\models\movies\cache\movie_table.dart
DA:13,3
DA:20,2
DA:21,1
DA:22,1
DA:23,1
DA:24,1
DA:27,4
DA:28,2
DA:29,2
DA:30,2
DA:31,2
DA:35,2
DA:36,1
DA:37,1
DA:38,1
DA:39,1
DA:42,0
DA:43,0
DA:44,0
DA:45,0
DA:46,0
DA:49,2
DA:50,1
DA:51,1
DA:52,1
DA:53,1
DA:56,2
DA:57,1
DA:58,1
DA:59,1
DA:60,1
DA:63,2
DA:65,10
LF:33
LH:28
end_of_record
SF:lib\data\models\tv_series\created_by_model.dart
DA:13,2
DA:22,0
DA:23,0
DA:25,0
DA:27,2
DA:28,1
DA:29,1
DA:30,1
DA:31,1
DA:32,1
DA:33,1
DA:36,0
DA:37,0
DA:38,0
DA:39,0
DA:40,0
DA:41,0
DA:42,0
DA:45,1
DA:46,1
DA:47,1
DA:48,1
DA:49,1
DA:50,1
DA:51,1
DA:52,1
DA:56,1
DA:58,1
DA:59,1
DA:60,1
DA:61,1
DA:62,1
DA:63,1
DA:64,1
LF:34
LH:24
end_of_record
SF:lib\data\models\tv_series\cache\tv_series_table.dart
DA:13,3
DA:20,2
DA:21,1
DA:22,1
DA:23,1
DA:24,1
DA:27,4
DA:28,2
DA:29,2
DA:30,2
DA:31,2
DA:35,2
DA:36,1
DA:37,1
DA:38,1
DA:39,1
DA:42,0
DA:43,0
DA:44,0
DA:45,0
DA:46,0
DA:49,2
DA:50,1
DA:51,1
DA:52,1
DA:53,1
DA:56,2
DA:57,1
DA:58,1
DA:59,1
DA:60,1
DA:63,2
DA:65,10
LF:33
LH:28
end_of_record
SF:lib\domain\entities\genre.dart
DA:13,12
DA:18,2
DA:19,6
LF:3
LH:3
end_of_record
SF:lib\domain\entities\movies\movie.dart
DA:4,13
DA:20,2
DA:41,2
DA:42,2
DA:43,2
DA:44,2
DA:45,2
DA:46,2
DA:47,2
DA:48,2
DA:49,2
DA:50,2
DA:51,2
DA:52,2
DA:53,2
DA:54,2
DA:55,2
LF:17
LH:17
end_of_record
SF:lib\domain\entities\movies\movie_detail.dart
DA:5,6
DA:20,1
DA:44,1
DA:45,1
DA:46,1
DA:47,1
DA:48,1
DA:49,1
DA:50,1
DA:51,1
DA:52,1
DA:53,1
DA:54,1
DA:55,1
DA:56,1
LF:15
LH:15
end_of_record
SF:lib\domain\entities\tv\created_by.dart
DA:11,6
DA:20,1
DA:21,1
DA:22,1
DA:23,1
DA:24,1
DA:25,1
DA:26,1
DA:27,1
LF:9
LH:9
end_of_record
SF:lib\domain\entities\tv\episode_to_air.dart
DA:19,6
DA:35,1
DA:36,1
DA:37,1
DA:38,1
DA:39,1
DA:40,1
DA:41,1
DA:42,1
DA:43,1
DA:44,1
DA:45,1
DA:46,1
DA:47,1
DA:48,1
DA:49,1
LF:16
LH:16
end_of_record
SF:lib\domain\entities\tv\production_companies.dart
DA:9,6
DA:16,1
DA:17,5
LF:3
LH:3
end_of_record
SF:lib\domain\entities\tv\season.dart
DA:13,6
DA:24,1
DA:26,1
DA:27,1
DA:28,1
DA:29,1
DA:30,1
DA:31,1
DA:32,1
DA:33,1
DA:34,1
LF:11
LH:11
end_of_record
SF:lib\domain\entities\tv\tv_detail.dart
DA:33,6
DA:59,1
DA:74,1
DA:75,1
DA:76,1
DA:77,1
DA:78,1
DA:79,1
DA:80,1
DA:81,1
DA:82,1
DA:83,1
DA:84,1
DA:85,1
DA:86,1
DA:87,1
DA:88,1
DA:89,1
DA:90,1
DA:91,1
DA:92,1
DA:93,1
DA:94,1
DA:95,1
DA:96,1
DA:97,1
DA:98,1
LF:27
LH:27
end_of_record
SF:lib\domain\entities\tv\tv_series.dart
DA:4,14
DA:21,2
DA:43,2
DA:44,2
DA:45,2
DA:46,2
DA:47,2
DA:48,2
DA:49,2
DA:50,2
DA:51,2
DA:52,2
DA:53,2
DA:54,2
DA:55,2
DA:56,2
DA:57,2
DA:58,2
LF:18
LH:18
end_of_record
SF:lib\common\failure.dart
DA:6,22
DA:8,11
DA:9,22
DA:13,40
DA:17,22
DA:21,12
DA:25,20
LF:7
LH:7
end_of_record
SF:lib\common\network_info.dart
DA:10,1
DA:12,1
DA:13,2
LF:3
LH:3
end_of_record
SF:lib\data\datasources\db\database_helper.dart
DA:11,1
DA:15,2
DA:19,1
DA:20,1
DA:31,1
DA:32,1
DA:33,1
DA:35,2
DA:39,0
DA:40,0
DA:53,0
DA:70,0
DA:79,0
DA:89,0
DA:98,0
DA:110,1
DA:114,1
DA:115,2
DA:116,2
DA:117,1
DA:118,1
DA:125,1
DA:135,0
DA:136,0
DA:137,0
DA:139,0
DA:145,0
DA:146,0
DA:147,0
DA:150,0
DA:153,0
DA:154,0
DA:161,0
DA:162,0
DA:163,0
DA:165,0
DA:171,0
DA:172,0
DA:173,0
DA:176,0
DA:179,0
DA:180,0
DA:186,1
DA:187,1
DA:188,1
DA:191,1
DA:197,1
DA:198,1
DA:199,1
DA:202,1
DA:206,1
DA:207,1
DA:208,1
DA:210,1
DA:215,1
DA:216,1
DA:217,1
DA:220,2
DA:224,1
DA:225,1
DA:226,1
DA:229,1
DA:232,1
DA:233,1
DA:239,1
DA:240,1
DA:241,1
DA:249,1
DA:253,1
DA:254,2
DA:255,2
DA:256,1
DA:257,1
DA:264,1
DA:273,1
DA:274,1
DA:275,1
DA:278,1
DA:284,1
DA:285,1
DA:286,1
DA:289,1
DA:294,1
DA:295,1
DA:296,1
DA:298,1
DA:304,1
DA:305,1
DA:306,1
DA:309,2
DA:314,1
DA:315,1
DA:316,1
DA:319,1
DA:322,1
DA:323,1
DA:330,1
DA:331,1
DA:332,1
LF:99
LH:72
end_of_record
SF:lib\data\datasources\movies\movie_remote_data_source.dart
DA:30,1
DA:32,1
DA:37,2
DA:38,2
DA:41,2
DA:42,4
DA:44,1
DA:47,1
DA:51,1
DA:53,2
DA:56,2
DA:58,2
DA:59,3
DA:61,1
DA:64,1
DA:68,1
DA:71,2
DA:72,2
DA:75,2
DA:76,4
DA:78,1
DA:81,1
DA:85,1
DA:90,2
DA:91,2
DA:94,2
DA:95,4
DA:97,1
DA:100,1
DA:104,1
DA:109,2
DA:110,2
DA:113,2
DA:114,4
DA:116,1
DA:119,1
DA:123,1
DA:128,2
DA:129,2
DA:132,2
DA:133,4
DA:135,1
DA:138,1
DA:142,1
DA:145,2
DA:146,2
DA:149,2
DA:150,4
DA:152,1
DA:155,1
LF:50
LH:50
end_of_record
SF:lib\data\datasources\tv_series\tv_series_local_data_source.dart
DA:39,2
DA:41,1
DA:44,2
DA:47,2
DA:51,1
DA:54,2
DA:57,2
DA:61,1
DA:64,2
DA:65,4
DA:67,2
DA:71,1
DA:74,2
DA:76,1
DA:81,2
DA:85,2
DA:88,4
DA:89,4
DA:91,2
DA:95,2
DA:98,4
DA:99,4
DA:100,8
DA:102,2
DA:105,2
DA:108,2
DA:113,2
DA:116,4
DA:117,4
DA:119,2
DA:123,2
DA:126,4
DA:127,4
DA:128,8
DA:130,2
DA:133,2
DA:136,2
DA:141,2
DA:144,4
DA:145,4
DA:147,2
DA:151,2
DA:154,4
DA:155,4
DA:156,8
DA:158,2
DA:161,2
DA:164,2
DA:169,2
DA:172,4
DA:173,4
DA:175,2
DA:179,2
DA:182,4
DA:183,4
DA:184,8
DA:186,2
DA:189,2
DA:192,2
DA:197,0
DA:200,0
DA:202,0
DA:206,0
DA:209,0
DA:211,0
DA:213,0
DA:216,0
DA:219,0
LF:68
LH:59
end_of_record
SF:lib\data\datasources\tv_series\tv_series_remote_data_source.dart
DA:31,1
DA:33,1
DA:38,2
DA:39,2
DA:42,2
DA:43,4
DA:45,1
DA:48,1
DA:52,1
DA:57,2
DA:58,2
DA:61,2
DA:62,4
DA:64,1
DA:67,1
DA:71,1
DA:76,2
DA:77,2
DA:80,2
DA:81,4
DA:83,1
DA:86,1
DA:90,1
DA:95,2
DA:96,2
DA:99,2
DA:100,4
DA:102,1
DA:105,1
DA:109,1
DA:111,2
DA:114,2
DA:116,2
DA:117,3
DA:119,1
DA:122,1
DA:126,1
DA:129,2
DA:130,2
DA:133,2
DA:134,4
DA:136,1
DA:139,1
DA:143,1
DA:146,2
DA:147,2
DA:150,2
DA:151,4
DA:153,1
DA:156,1
LF:50
LH:50
end_of_record
SF:lib\data\models\movies\cache\movie_detail_table.dart
DA:33,1
DA:47,2
DA:48,1
DA:49,1
DA:50,1
DA:51,1
DA:52,1
DA:53,1
DA:54,1
DA:58,1
DA:59,7
DA:64,0
DA:65,0
DA:66,0
DA:67,0
DA:68,0
DA:69,0
DA:70,0
DA:71,0
DA:72,0
DA:73,0
DA:78,0
DA:79,0
DA:80,0
DA:81,0
DA:82,0
DA:83,0
DA:84,0
DA:85,0
DA:86,0
DA:88,0
DA:89,0
DA:94,0
DA:95,0
DA:96,0
DA:97,0
DA:98,0
DA:99,0
DA:100,0
DA:101,0
DA:102,0
DA:108,2
DA:109,1
DA:110,1
DA:111,1
DA:112,1
DA:113,1
DA:114,1
DA:115,1
DA:120,1
DA:121,2
DA:122,5
DA:123,1
DA:124,0
DA:127,0
DA:128,0
DA:129,0
DA:130,0
DA:131,0
DA:132,0
DA:133,0
DA:134,0
DA:135,0
DA:136,0
LF:64
LH:23
end_of_record
SF:lib\data\models\movies\movie_detail_model.dart
DA:7,2
DA:53,1
DA:54,1
DA:55,1
DA:56,1
DA:57,1
DA:58,1
DA:59,4
DA:60,1
DA:61,1
DA:62,1
DA:63,1
DA:64,1
DA:65,1
DA:66,2
DA:67,1
DA:68,1
DA:69,1
DA:70,1
DA:71,1
DA:72,1
DA:73,1
DA:74,1
DA:75,2
DA:76,1
DA:79,0
DA:80,0
DA:81,0
DA:82,0
DA:83,0
DA:84,0
DA:85,0
DA:86,0
DA:87,0
DA:88,0
DA:89,0
DA:90,0
DA:91,0
DA:92,0
DA:93,0
DA:94,0
DA:95,0
DA:96,0
DA:97,0
DA:98,0
DA:99,0
DA:100,0
DA:103,1
DA:104,1
DA:105,1
DA:106,1
DA:107,5
DA:108,1
DA:109,1
DA:110,1
DA:111,1
DA:112,1
DA:113,1
DA:114,1
DA:115,1
DA:116,1
DA:120,1
DA:121,1
DA:122,1
DA:123,1
DA:124,1
DA:125,1
DA:126,1
DA:127,1
DA:128,1
DA:129,1
DA:130,1
DA:131,1
DA:132,1
DA:133,1
DA:134,1
DA:135,1
DA:136,1
DA:137,1
DA:138,1
DA:139,1
DA:140,1
DA:141,1
DA:142,1
LF:84
LH:62
end_of_record
SF:lib\data\models\movies\movie_model.dart
DA:6,4
DA:36,6
DA:37,3
DA:38,3
DA:39,12
DA:40,3
DA:41,3
DA:42,3
DA:43,6
DA:44,3
DA:45,3
DA:46,3
DA:47,3
DA:48,6
DA:49,3
DA:52,4
DA:53,2
DA:54,2
DA:55,8
DA:56,2
DA:57,2
DA:58,2
DA:59,2
DA:60,2
DA:61,2
DA:62,2
DA:63,2
DA:64,2
DA:65,2
DA:68,2
DA:69,2
DA:70,2
DA:71,2
DA:72,2
DA:73,2
DA:74,2
DA:75,2
DA:76,2
DA:77,2
DA:78,2
DA:79,2
DA:80,2
DA:81,2
DA:82,2
DA:86,3
DA:87,3
DA:88,3
DA:89,3
DA:90,3
DA:91,3
DA:92,3
DA:93,3
DA:94,3
DA:95,3
DA:96,3
DA:97,3
DA:98,3
DA:99,3
DA:100,3
LF:59
LH:59
end_of_record
SF:lib\data\models\tv_series\cache\tv_series_detail_table.dart
DA:24,1
DA:39,1
DA:40,1
DA:41,1
DA:42,1
DA:43,1
DA:44,1
DA:45,1
DA:46,1
DA:48,1
DA:49,7
DA:51,1
DA:53,1
DA:54,3
DA:55,1
DA:56,1
DA:57,1
DA:58,1
DA:59,1
DA:60,1
DA:61,1
DA:63,1
DA:66,1
DA:67,3
DA:68,1
DA:69,1
DA:70,1
DA:71,1
DA:72,1
DA:73,1
DA:74,1
DA:75,1
DA:76,1
DA:78,1
DA:81,1
DA:82,1
DA:83,1
DA:84,2
DA:85,2
DA:86,2
DA:87,2
DA:88,2
DA:89,2
DA:90,2
DA:91,2
DA:92,2
DA:93,2
DA:94,2
DA:95,2
DA:96,2
DA:101,1
DA:102,1
DA:103,1
DA:104,2
DA:105,2
DA:106,2
DA:107,2
DA:108,2
DA:109,2
DA:110,2
DA:111,2
DA:112,2
DA:113,2
DA:114,2
DA:115,2
DA:116,2
DA:122,0
DA:123,0
DA:124,0
DA:125,0
DA:126,0
DA:127,0
DA:128,0
DA:129,0
DA:130,0
DA:131,0
DA:132,0
DA:133,0
DA:134,0
DA:135,0
DA:138,0
DA:139,0
DA:140,0
DA:141,0
DA:142,0
DA:143,0
DA:144,0
DA:145,0
DA:146,0
DA:147,0
DA:149,0
DA:151,0
DA:152,0
DA:153,0
DA:154,0
DA:155,0
DA:156,0
DA:157,0
DA:158,0
DA:159,0
DA:161,0
DA:163,0
DA:164,0
DA:165,0
DA:166,0
DA:167,0
DA:168,0
DA:169,0
DA:170,0
DA:171,0
DA:172,0
DA:173,0
DA:175,0
DA:177,0
DA:178,0
DA:179,0
DA:180,0
DA:181,0
DA:182,0
DA:183,0
DA:184,0
DA:185,0
DA:186,0
DA:187,0
DA:188,0
DA:189,0
DA:190,0
DA:191,0
DA:192,0
DA:196,0
DA:197,0
DA:198,0
DA:199,0
DA:200,0
DA:201,0
DA:202,0
DA:203,0
DA:204,0
DA:205,0
DA:206,0
DA:207,0
DA:208,0
DA:209,0
DA:210,0
DA:211,0
DA:217,0
DA:218,0
DA:219,0
DA:220,0
DA:221,0
DA:222,0
DA:223,0
DA:224,0
DA:225,0
DA:226,0
DA:227,0
DA:228,0
DA:229,0
DA:232,2
DA:233,1
DA:234,1
DA:235,1
DA:236,1
DA:237,1
DA:238,1
DA:240,1
DA:241,2
DA:242,5
DA:243,1
DA:244,0
DA:245,1
DA:247,1
DA:248,2
DA:249,1
DA:250,2
DA:251,1
DA:252,1
DA:253,1
DA:254,1
DA:255,1
DA:256,1
DA:259,1
DA:260,0
DA:262,1
DA:263,2
DA:264,1
DA:265,2
DA:266,1
DA:267,1
DA:268,1
DA:269,1
DA:270,1
DA:271,1
DA:272,1
DA:273,1
DA:276,1
DA:277,0
DA:279,1
DA:280,1
DA:281,2
DA:282,1
DA:283,1
DA:284,1
DA:285,1
DA:286,1
DA:287,1
DA:288,1
DA:289,1
DA:290,1
DA:291,1
DA:292,1
DA:293,1
DA:294,1
DA:295,1
DA:297,1
DA:301,1
DA:302,1
DA:303,2
DA:304,1
DA:305,1
DA:306,1
DA:307,1
DA:308,1
DA:309,1
DA:310,1
DA:311,1
DA:312,1
DA:313,1
DA:314,1
DA:315,1
DA:316,1
DA:317,1
DA:319,1
DA:323,0
DA:325,0
DA:326,0
DA:327,0
DA:328,0
DA:329,0
DA:330,0
DA:331,0
DA:332,0
DA:333,0
DA:334,0
DA:335,0
DA:336,0
DA:337,0
LF:247
LH:138
end_of_record
SF:lib\data\models\tv_series\tv_detail_model.dart
DA:10,2
DA:72,1
DA:73,1
DA:74,1
DA:75,1
DA:77,1
DA:78,1
DA:79,1
DA:80,4
DA:83,1
DA:84,1
DA:85,4
DA:86,1
DA:87,1
DA:88,4
DA:90,1
DA:91,1
DA:92,1
DA:94,1
DA:95,0
DA:96,4
DA:97,1
DA:99,1
DA:101,2
DA:102,1
DA:105,1
DA:107,0
DA:109,1
DA:110,0
DA:111,1
DA:112,2
DA:113,2
DA:116,1
DA:117,1
DA:119,1
DA:120,0
DA:121,4
DA:122,1
DA:123,1
DA:124,1
DA:125,2
DA:126,1
DA:128,1
DA:129,0
DA:130,1
DA:131,2
DA:132,2
DA:136,1
DA:137,0
DA:138,1
DA:139,4
DA:141,1
DA:142,1
DA:143,2
DA:144,1
DA:147,0
DA:148,0
DA:149,0
DA:151,0
DA:152,0
DA:153,0
DA:155,0
DA:156,0
DA:157,0
DA:158,0
DA:159,0
DA:160,0
DA:161,0
DA:162,0
DA:164,0
DA:165,0
DA:166,0
DA:167,0
DA:168,0
DA:170,0
DA:171,0
DA:172,0
DA:173,0
DA:174,0
DA:176,0
DA:177,0
DA:178,0
DA:179,0
DA:180,0
DA:181,0
DA:182,0
DA:183,0
DA:185,0
DA:186,0
DA:187,0
DA:189,0
DA:190,0
DA:191,0
DA:192,0
DA:193,0
DA:194,0
DA:195,0
DA:198,1
DA:199,1
DA:200,1
DA:201,1
DA:202,5
DA:203,1
DA:204,1
DA:205,5
DA:206,1
DA:207,1
DA:208,1
DA:209,1
DA:210,2
DA:211,1
DA:212,2
DA:213,1
DA:214,1
DA:215,1
DA:216,1
DA:217,1
DA:219,5
DA:220,5
DA:221,1
DA:222,1
DA:223,1
DA:227,1
DA:228,1
DA:229,1
DA:230,1
DA:231,1
DA:232,1
DA:233,1
DA:234,1
DA:235,1
DA:236,1
DA:237,1
DA:238,1
DA:239,1
DA:240,1
DA:241,1
DA:242,1
DA:243,1
DA:244,1
DA:245,1
DA:246,1
DA:247,1
DA:248,1
DA:249,1
DA:250,1
DA:251,1
DA:252,1
DA:253,1
DA:254,1
DA:255,1
DA:256,1
DA:257,1
LF:153
LH:105
end_of_record
SF:lib\data\models\tv_series\tv_model.dart
DA:5,6
DA:37,6
DA:38,3
DA:39,3
DA:40,12
DA:41,3
DA:42,12
DA:43,3
DA:44,3
DA:45,3
DA:46,6
DA:47,3
DA:48,3
DA:49,3
DA:50,6
DA:51,3
DA:54,4
DA:55,2
DA:56,2
DA:58,11
DA:59,2
DA:61,2
DA:62,1
DA:63,8
DA:64,2
DA:65,2
DA:66,2
DA:67,2
DA:68,2
DA:69,2
DA:70,2
DA:71,2
DA:72,2
DA:75,2
DA:76,2
DA:77,2
DA:78,2
DA:79,2
DA:80,2
DA:81,2
DA:82,2
DA:83,2
DA:84,2
DA:85,2
DA:86,2
DA:87,2
DA:88,2
DA:89,2
DA:90,2
DA:94,3
DA:95,3
DA:96,3
DA:97,3
DA:98,3
DA:99,3
DA:100,3
DA:101,3
DA:102,3
DA:103,3
DA:104,3
DA:105,3
DA:106,3
DA:107,3
DA:108,3
DA:109,3
LF:65
LH:65
end_of_record
SF:lib\data\models\genre_model.dart
DA:20,4
DA:28,4
DA:29,2
DA:30,2
DA:33,0
DA:34,0
DA:35,0
DA:38,2
DA:39,6
DA:42,2
DA:43,6
LF:11
LH:8
end_of_record
SF:lib\data\models\tv_series\episode_to_air_model.dart
DA:5,2
DA:35,1
DA:36,1
DA:37,1
DA:38,1
DA:39,1
DA:40,1
DA:41,1
DA:42,1
DA:43,1
DA:44,1
DA:45,1
DA:46,1
DA:47,1
DA:48,1
DA:49,1
DA:52,0
DA:53,0
DA:54,0
DA:55,0
DA:56,0
DA:57,0
DA:58,0
DA:59,0
DA:60,0
DA:61,0
DA:62,0
DA:63,0
DA:64,0
DA:65,0
DA:68,1
DA:69,1
DA:70,1
DA:71,1
DA:72,1
DA:73,1
DA:74,1
DA:75,1
DA:76,1
DA:77,1
DA:78,1
DA:79,1
DA:80,1
DA:81,1
DA:82,1
DA:86,1
DA:87,1
DA:88,1
DA:89,1
DA:90,1
DA:91,1
DA:92,1
DA:93,1
DA:94,1
DA:95,1
DA:96,1
DA:97,1
DA:98,1
DA:99,1
DA:100,1
LF:60
LH:46
end_of_record
SF:lib\data\models\tv_series\production_companies_model.dart
DA:10,2
DA:17,1
DA:18,1
DA:19,1
DA:20,1
DA:21,1
DA:22,1
DA:25,0
DA:26,0
DA:27,0
DA:28,0
DA:29,0
DA:32,1
DA:33,1
DA:34,1
DA:35,1
DA:36,1
DA:37,1
DA:41,1
DA:42,5
LF:20
LH:15
end_of_record
SF:lib\data\models\tv_series\season_model.dart
DA:6,2
DA:26,2
DA:27,1
DA:28,1
DA:29,1
DA:30,1
DA:31,1
DA:32,1
DA:33,1
DA:34,1
DA:37,0
DA:38,0
DA:39,0
DA:40,0
DA:41,0
DA:42,0
DA:43,0
DA:44,0
DA:45,0
DA:48,1
DA:49,1
DA:50,1
DA:51,1
DA:52,1
DA:53,1
DA:54,1
DA:55,1
DA:56,1
DA:57,1
DA:61,1
DA:62,1
DA:63,1
DA:64,1
DA:65,1
DA:66,1
DA:67,1
DA:68,1
DA:69,1
DA:70,1
LF:39
LH:30
end_of_record
SF:lib\data\models\movies\movie_response.dart
DA:7,3
DA:9,4
DA:10,4
DA:11,6
DA:12,6
DA:15,2
DA:16,5
DA:19,1
DA:20,2
LF:9
LH:9
end_of_record
SF:lib\data\models\tv_series\tv_response.dart
DA:7,3
DA:9,4
DA:10,2
DA:11,2
DA:12,6
DA:13,6
DA:17,2
DA:18,5
DA:21,1
DA:22,2
LF:10
LH:10
end_of_record
SF:lib\domain\usecases\movies\get_movie_detail.dart
DA:19,1
DA:21,1
DA:22,2
LF:3
LH:3
end_of_record
SF:lib\data\repositories\movie_repository_impl.dart
DA:28,1
DA:56,1
DA:60,2
DA:62,2
DA:64,2
DA:65,4
DA:67,5
DA:68,1
DA:69,2
DA:73,2
DA:74,5
DA:75,1
DA:76,3
DA:77,0
DA:78,0
DA:83,1
DA:85,2
DA:87,2
DA:90,2
DA:91,2
DA:94,2
DA:95,1
DA:96,2
DA:100,2
DA:101,2
DA:102,1
DA:103,3
DA:104,1
DA:105,2
DA:110,1
DA:113,2
DA:114,5
DA:115,1
DA:116,2
DA:117,1
DA:118,2
DA:135,1
DA:139,2
DA:141,2
DA:143,2
DA:144,4
DA:146,5
DA:147,1
DA:148,2
DA:152,2
DA:153,5
DA:154,1
DA:155,3
DA:156,0
DA:157,0
DA:162,1
DA:166,2
DA:168,2
DA:170,2
DA:171,4
DA:173,5
DA:174,1
DA:175,2
DA:179,2
DA:180,5
DA:181,1
DA:182,3
DA:183,0
DA:184,0
DA:189,1
DA:193,2
DA:195,2
DA:197,2
DA:198,4
DA:200,5
DA:201,1
DA:202,2
DA:206,2
DA:207,5
DA:208,1
DA:209,3
DA:210,0
DA:211,0
DA:216,1
DA:218,2
DA:220,2
DA:221,5
DA:222,1
DA:223,2
DA:226,2
DA:230,1
DA:234,2
DA:236,2
DA:237,1
DA:239,1
DA:240,1
DA:241,3
DA:247,1
DA:250,2
DA:251,1
DA:253,1
DA:254,1
DA:255,3
DA:259,1
DA:262,2
DA:263,1
DA:264,1
DA:265,3
DA:269,1
DA:272,2
DA:273,5
DA:274,1
DA:275,3
LF:108
LH:100
end_of_record
SF:lib\domain\usecases\movies\get_movie_recommendations.dart
DA:9,1
DA:11,1
DA:12,2
LF:3
LH:3
end_of_record
SF:lib\data\repositories\tv_series_repository_impl.dart
DA:20,1
DA:26,1
DA:30,2
DA:32,2
DA:35,2
DA:36,4
DA:39,5
DA:40,1
DA:41,2
DA:45,2
DA:46,5
DA:47,1
DA:48,3
DA:49,0
DA:50,0
DA:55,1
DA:59,2
DA:61,2
DA:64,2
DA:65,4
DA:68,5
DA:69,1
DA:70,2
DA:74,2
DA:75,5
DA:76,1
DA:77,3
DA:78,0
DA:79,0
DA:84,1
DA:88,2
DA:90,2
DA:93,2
DA:94,4
DA:97,5
DA:98,1
DA:99,2
DA:103,2
DA:104,5
DA:105,1
DA:106,3
DA:107,0
DA:108,0
DA:113,1
DA:117,2
DA:119,2
DA:122,2
DA:123,4
DA:126,5
DA:127,1
DA:128,2
DA:132,2
DA:133,5
DA:134,1
DA:135,3
DA:136,0
DA:137,0
DA:142,1
DA:144,2
DA:146,2
DA:149,2
DA:150,2
DA:153,2
DA:154,1
DA:155,2
DA:159,2
DA:160,2
DA:161,1
DA:162,3
DA:163,1
DA:164,2
DA:169,1
DA:172,2
DA:173,5
DA:174,1
DA:175,2
DA:176,1
DA:177,2
DA:181,1
DA:185,2
DA:187,2
DA:188,1
DA:190,1
DA:191,1
DA:192,3
DA:198,1
DA:201,2
DA:202,1
DA:204,1
DA:205,1
DA:206,3
DA:210,1
DA:213,2
DA:214,5
DA:215,1
DA:216,3
DA:220,1
DA:223,2
DA:224,1
DA:225,1
DA:226,3
DA:230,1
DA:232,2
DA:234,2
DA:235,5
DA:236,1
DA:237,2
DA:240,2
LF:108
LH:100
end_of_record
SF:lib\domain\usecases\movies\get_now_playing_movies.dart
DA:9,1
DA:11,1
DA:12,2
LF:3
LH:3
end_of_record
SF:lib\domain\usecases\movies\get_popular_movies.dart
DA:9,1
DA:11,1
DA:12,2
LF:3
LH:3
end_of_record
SF:lib\domain\usecases\movies\get_top_rated_movies.dart
DA:9,1
DA:11,1
DA:12,2
LF:3
LH:3
end_of_record
SF:lib\domain\usecases\movies\get_up_coming_movies.dart
DA:9,1
DA:11,1
DA:12,2
LF:3
LH:3
end_of_record
SF:lib\domain\usecases\movies\get_watchlist_movies.dart
DA:9,1
DA:11,1
DA:12,2
LF:3
LH:3
end_of_record
SF:lib\domain\usecases\movies\get_watchlist_status.dart
DA:10,1
DA:12,1
DA:13,2
LF:3
LH:3
end_of_record
SF:lib\domain\usecases\movies\remove_watchlist.dart
DA:9,1
DA:11,1
DA:12,2
LF:3
LH:3
end_of_record
SF:lib\domain\usecases\movies\save_watchlist.dart
DA:9,1
DA:11,1
DA:12,2
LF:3
LH:3
end_of_record
SF:lib\domain\usecases\movies\search_movies.dart
DA:9,1
DA:11,1
DA:12,2
LF:3
LH:3
end_of_record
SF:lib\domain\usecases\tv_series\get_airing_today_tv.dart
DA:9,1
DA:11,1
DA:12,2
LF:3
LH:3
end_of_record
SF:lib\domain\usecases\tv_series\get_on_the_air_tv.dart
DA:9,1
DA:11,1
DA:12,2
LF:3
LH:3
end_of_record
SF:lib\domain\usecases\tv_series\get_popular_tv.dart
DA:9,1
DA:11,1
DA:12,2
LF:3
LH:3
end_of_record
SF:lib\domain\usecases\tv_series\get_top_rated_tv.dart
DA:9,1
DA:11,1
DA:12,2
LF:3
LH:3
end_of_record
SF:lib\domain\usecases\tv_series\get_tv_detail.dart
DA:9,1
DA:11,1
DA:12,2
LF:3
LH:3
end_of_record
SF:lib\domain\usecases\tv_series\get_tv_recommendations.dart
DA:9,1
DA:11,1
DA:12,2
LF:3
LH:3
end_of_record
SF:lib\domain\usecases\tv_series\get_watchlist_status_tv.dart
DA:8,1
DA:10,1
DA:11,2
LF:3
LH:3
end_of_record
SF:lib\domain\usecases\tv_series\get_watchlist_tv.dart
DA:11,1
DA:13,1
DA:14,2
LF:3
LH:3
end_of_record
SF:lib\domain\usecases\tv_series\remove_watchlist_tv.dart
DA:9,1
DA:11,1
DA:12,2
LF:3
LH:3
end_of_record
SF:lib\domain\usecases\tv_series\save_watchlist_tv.dart
DA:9,1
DA:11,1
DA:12,2
LF:3
LH:3
end_of_record
SF:lib\domain\usecases\tv_series\search_tv_series.dart
DA:9,1
DA:11,1
DA:12,2
LF:3
LH:3
end_of_record
SF:lib\common\constants.dart
DA:16,6
DA:21,28
DA:27,20
DA:33,2
DA:40,2
DA:41,1
DA:42,1
DA:43,1
DA:44,1
DA:48,4
LF:10
LH:10
end_of_record
SF:lib\presentation\pages\movies\movie_detail_page.dart
DA:19,1
DA:21,1
DA:22,1
DA:26,1
DA:28,1
DA:29,2
DA:30,1
DA:31,1
DA:33,3
DA:34,1
DA:35,1
DA:37,3
DA:41,1
DA:43,1
DA:44,1
DA:45,1
DA:46,2
DA:47,1
DA:48,1
DA:49,1
DA:56,2
DA:57,1
DA:58,1
DA:59,1
DA:61,1
DA:62,1
DA:66,1
DA:67,1
DA:68,1
DA:69,0
DA:84,1
DA:91,1
DA:93,3
DA:94,1
DA:95,1
DA:97,1
DA:98,3
DA:101,3
DA:102,0
DA:106,1
DA:108,1
DA:109,1
DA:110,1
DA:111,1
DA:113,2
DA:116,1
DA:117,1
DA:118,1
DA:120,1
DA:122,1
DA:124,1
DA:125,4
DA:127,1
DA:128,1
DA:129,1
DA:130,1
DA:133,2
DA:135,0
DA:138,0
DA:142,1
DA:145,1
DA:147,1
DA:150,1
DA:153,2
DA:154,2
DA:157,1
DA:159,1
DA:160,1
DA:161,1
DA:167,1
DA:169,1
DA:170,1
DA:171,1
DA:172,1
DA:173,1
DA:177,4
DA:178,4
DA:179,1
DA:180,1
DA:181,1
DA:182,3
DA:185,2
DA:191,4
DA:194,1
DA:195,2
DA:196,3
DA:197,1
DA:198,2
DA:199,1
DA:200,1
DA:201,2
DA:203,0
DA:204,0
DA:206,2
DA:208,0
DA:209,2
DA:211,1
DA:213,1
DA:215,0
DA:216,0
DA:217,0
DA:219,0
DA:220,0
DA:221,0
DA:224,0
DA:227,0
DA:228,0
DA:229,0
DA:231,0
DA:233,0
DA:235,0
DA:237,0
DA:240,0
DA:241,0
DA:247,2
DA:251,0
DA:259,1
DA:261,1
DA:276,1
DA:278,1
DA:281,1
DA:282,1
DA:283,0
DA:284,0
DA:293,0
DA:294,0
DA:297,1
DA:299,2
DA:300,3
DA:303,1
DA:307,3
DA:310,1
DA:311,1
DA:312,1
DA:314,1
DA:315,1
DA:317,0
LF:137
LH:108
end_of_record
SF:lib\presentation\provider\movies\movie_detail_notifier.dart
DA:27,1
DA:37,2
DA:41,2
DA:45,2
DA:49,2
DA:53,2
DA:57,2
DA:59,1
DA:60,1
DA:61,1
DA:62,2
DA:63,2
DA:64,1
DA:65,1
DA:66,1
DA:67,2
DA:68,1
DA:70,1
DA:71,1
DA:72,1
DA:73,1
DA:74,1
DA:75,1
DA:76,1
DA:77,2
DA:79,1
DA:80,1
DA:81,1
DA:84,1
DA:85,1
DA:92,2
DA:94,1
DA:95,2
DA:97,1
DA:98,1
DA:99,2
DA:101,1
DA:102,1
DA:106,2
DA:109,1
DA:110,2
DA:112,1
DA:113,1
DA:114,2
DA:116,1
DA:117,1
DA:121,2
DA:124,1
DA:125,2
DA:127,1
DA:128,0
DA:130,0
DA:132,1
DA:133,1
DA:136,1
LF:55
LH:53
end_of_record
SF:lib\presentation\widgets\error_state_widget.dart
DA:7,1
DA:8,1
DA:10,1
DA:12,1
DA:14,1
DA:25,1
DA:31,1
DA:33,2
DA:38,1
DA:43,1
DA:45,2
DA:47,1
DA:49,0
DA:51,1
DA:53,0
DA:55,1
DA:60,1
DA:61,1
DA:62,1
DA:64,1
DA:65,1
DA:66,2
DA:78,9
DA:82,9
DA:84,9
DA:86,9
DA:87,9
DA:89,9
DA:91,9
DA:92,9
DA:93,9
DA:94,9
DA:95,9
DA:96,27
DA:99,9
DA:100,9
DA:101,9
DA:102,18
DA:113,110
DA:115,8
DA:117,8
DA:118,8
DA:120,8
DA:121,8
DA:126,8
DA:127,8
DA:128,24
LF:47
LH:45
end_of_record
SF:lib\presentation\pages\movies\popular_movies_page.dart
DA:15,1
DA:17,1
DA:19,1
DA:20,2
DA:21,1
DA:23,1
DA:24,1
DA:25,2
DA:26,1
DA:27,1
DA:28,1
DA:35,2
DA:36,2
DA:39,1
DA:40,1
DA:43,1
DA:61,1
DA:62,1
DA:64,1
DA:67,0
DA:69,0
DA:72,0
DA:79,2
DA:83,1
DA:84,1
DA:85,1
DA:86,1
DA:87,2
DA:88,1
DA:90,2
DA:94,1
DA:95,1
DA:96,1
DA:97,2
LF:34
LH:31
end_of_record
SF:lib\presentation\provider\movies\popular_movies_notifier.dart
DA:13,2
DA:17,2
DA:21,2
DA:34,0
DA:36,1
DA:37,1
DA:41,1
DA:42,1
DA:44,2
DA:45,0
DA:46,0
DA:47,0
DA:48,0
DA:49,0
DA:55,0
DA:56,0
DA:57,0
DA:61,0
DA:63,0
DA:65,0
DA:70,1
DA:71,1
DA:73,1
DA:75,1
DA:78,2
DA:80,1
DA:82,0
DA:84,2
DA:85,3
DA:86,2
DA:90,1
DA:91,3
DA:96,3
DA:98,1
DA:99,1
DA:100,1
DA:101,2
DA:102,1
DA:103,3
DA:105,1
DA:106,1
DA:107,3
DA:109,1
DA:110,2
DA:111,1
DA:113,0
DA:115,2
DA:117,0
DA:120,1
DA:126,1
DA:127,1
DA:128,3
DA:130,1
DA:132,1
DA:135,0
DA:136,0
DA:137,0
LF:57
LH:39
end_of_record
SF:lib\presentation\widgets\movie_card_list.dart
DA:10,4
DA:12,4
DA:14,4
DA:16,4
DA:17,1
DA:18,1
DA:21,2
DA:24,4
DA:26,4
DA:27,4
DA:28,4
DA:34,4
DA:36,4
DA:37,4
DA:38,8
DA:41,4
DA:43,4
DA:44,4
DA:45,8
DA:53,4
DA:55,4
DA:56,8
DA:58,8
DA:59,4
DA:60,12
DA:63,4
DA:64,8
DA:66,0
LF:28
LH:27
end_of_record
SF:lib\presentation\pages\movies\top_rated_movies_page.dart
DA:14,1
DA:15,1
DA:19,1
DA:21,1
DA:23,1
DA:24,2
DA:25,1
DA:27,1
DA:28,1
DA:29,2
DA:30,1
DA:31,1
DA:32,1
DA:39,2
DA:40,2
DA:44,1
DA:45,1
DA:48,1
DA:66,1
DA:67,1
DA:69,1
DA:72,0
DA:74,0
DA:77,0
DA:84,2
DA:88,1
DA:89,1
DA:90,1
DA:91,1
DA:92,2
DA:93,1
DA:95,2
DA:99,1
DA:100,1
DA:101,1
DA:102,2
LF:36
LH:33
end_of_record
SF:lib\presentation\provider\movies\top_rated_movies_notifier.dart
DA:11,1
DA:12,1
DA:17,2
DA:21,2
DA:25,2
DA:38,0
DA:41,1
DA:42,1
DA:44,2
DA:45,0
DA:46,0
DA:47,0
DA:48,0
DA:49,0
DA:55,0
DA:56,0
DA:57,0
DA:61,0
DA:63,0
DA:65,0
DA:70,1
DA:71,1
DA:72,3
DA:74,1
DA:76,1
DA:79,0
DA:80,0
DA:81,0
DA:86,1
DA:87,1
DA:89,1
DA:91,1
DA:94,2
DA:97,1
DA:99,0
DA:101,2
DA:102,3
DA:103,2
DA:107,1
DA:108,3
DA:113,3
DA:115,1
DA:116,1
DA:117,2
DA:118,1
DA:119,1
DA:120,3
DA:122,1
DA:123,1
DA:124,3
DA:126,1
DA:127,2
DA:128,1
DA:130,0
DA:132,2
DA:134,0
DA:137,1
LF:57
LH:39
end_of_record
SF:lib\presentation\pages\tv_series\on_the_air_tv_page.dart
DA:13,1
DA:15,1
DA:17,1
DA:19,1
DA:20,2
DA:21,1
DA:23,1
DA:24,1
DA:25,2
DA:26,1
DA:27,1
DA:28,1
DA:35,2
DA:36,2
DA:42,1
DA:43,1
DA:46,1
DA:64,1
DA:65,1
DA:67,1
DA:70,0
DA:72,0
DA:75,0
DA:82,2
DA:85,1
DA:86,1
DA:87,1
DA:88,1
DA:89,2
DA:90,1
DA:92,2
DA:96,1
DA:97,1
DA:98,1
DA:99,2
LF:35
LH:32
end_of_record
SF:lib\presentation\provider\tv_series\on_the_air_notifier.dart
DA:13,0
DA:17,0
DA:21,0
DA:34,0
DA:36,0
DA:37,0
DA:41,0
DA:42,0
DA:44,0
DA:45,0
DA:46,0
DA:47,0
DA:48,0
DA:49,0
DA:55,0
DA:56,0
DA:57,0
DA:61,0
DA:63,0
DA:65,0
DA:70,0
DA:71,0
DA:72,0
DA:74,0
DA:76,0
DA:79,0
DA:80,0
DA:81,0
DA:86,0
DA:87,0
DA:89,0
DA:91,0
DA:94,0
DA:97,0
DA:99,0
DA:101,0
DA:102,0
DA:103,0
DA:108,0
DA:112,0
DA:113,0
DA:114,0
DA:115,0
DA:116,0
DA:117,0
DA:119,0
DA:120,0
DA:121,0
DA:123,0
DA:124,0
DA:125,0
DA:127,0
DA:129,0
DA:131,0
DA:134,0
LF:55
LH:0
end_of_record
SF:lib\presentation\widgets\tv_card.dart
DA:11,5
DA:13,5
DA:15,5
DA:17,5
DA:18,1
DA:19,1
DA:22,2
DA:25,5
DA:27,5
DA:28,5
DA:29,5
DA:35,5
DA:37,5
DA:38,5
DA:39,10
DA:42,5
DA:44,5
DA:45,5
DA:46,10
DA:54,5
DA:56,5
DA:57,10
DA:59,10
DA:60,5
DA:61,15
DA:64,5
DA:65,10
DA:67,0
LF:28
LH:27
end_of_record
SF:lib\common\utils.dart
DA:5,3
DA:7,2
DA:8,2
DA:9,2
DA:11,2
DA:12,0
DA:14,2
DA:18,1
DA:19,1
DA:20,4
LF:10
LH:9
end_of_record
SF:lib\presentation\pages\tv_series\tv_series_detail_page.dart
DA:20,1
DA:22,1
DA:23,1
DA:27,1
DA:29,1
DA:30,2
DA:31,1
DA:32,1
DA:34,3
DA:35,1
DA:36,1
DA:38,3
DA:42,1
DA:44,1
DA:45,1
DA:46,1
DA:47,2
DA:48,1
DA:49,1
DA:50,1
DA:57,2
DA:58,1
DA:59,1
DA:60,1
DA:62,1
DA:63,1
DA:67,1
DA:68,1
DA:69,1
DA:70,0
DA:85,1
DA:92,1
DA:94,3
DA:95,1
DA:96,1
DA:98,1
DA:99,3
DA:102,3
DA:103,0
DA:107,1
DA:109,1
DA:112,1
DA:113,1
DA:114,1
DA:116,2
DA:119,1
DA:120,1
DA:121,1
DA:123,1
DA:125,1
DA:127,1
DA:129,2
DA:130,1
DA:132,3
DA:136,2
DA:137,1
DA:140,0
DA:141,0
DA:144,0
DA:146,1
DA:149,4
DA:152,1
DA:153,1
DA:154,1
DA:155,1
DA:158,2
DA:160,0
DA:163,0
DA:167,1
DA:170,1
DA:172,1
DA:175,1
DA:178,2
DA:179,2
DA:182,1
DA:184,1
DA:185,1
DA:186,1
DA:192,1
DA:194,1
DA:195,1
DA:196,1
DA:197,1
DA:198,1
DA:203,1
DA:206,4
DA:208,1
DA:211,1
DA:212,1
DA:213,1
DA:214,3
DA:217,2
DA:225,4
DA:228,1
DA:231,1
DA:236,1
DA:237,1
DA:238,1
DA:240,1
DA:242,1
DA:248,1
DA:250,1
DA:252,1
DA:255,1
DA:256,3
DA:258,1
DA:267,1
DA:270,1
DA:272,3
DA:274,1
DA:275,1
DA:278,4
DA:279,4
DA:280,1
DA:281,1
DA:282,1
DA:289,1
DA:290,0
DA:303,1
DA:306,2
DA:307,1
DA:308,3
DA:310,1
DA:313,2
DA:314,1
DA:315,2
DA:316,3
DA:317,2
DA:319,1
DA:321,3
DA:322,1
DA:323,3
DA:324,1
DA:329,1
DA:332,1
DA:333,1
DA:335,1
DA:336,1
DA:338,1
DA:339,1
DA:340,1
DA:346,2
DA:348,1
DA:351,0
DA:352,0
DA:357,1
DA:358,1
DA:359,1
DA:362,1
DA:367,1
DA:368,1
DA:369,2
DA:370,1
DA:375,1
DA:376,1
DA:377,1
DA:378,1
DA:389,0
DA:391,0
DA:394,1
DA:397,2
DA:398,1
DA:401,3
DA:402,3
DA:403,3
DA:404,3
DA:405,3
DA:409,2
DA:410,1
DA:413,3
DA:414,3
DA:415,3
DA:416,3
DA:417,3
DA:421,2
DA:422,1
DA:423,1
DA:424,1
DA:425,2
DA:427,0
DA:428,0
DA:430,2
DA:432,0
DA:433,2
DA:435,1
DA:437,1
DA:439,2
DA:440,1
DA:442,2
DA:443,1
DA:444,1
DA:445,1
DA:446,1
DA:447,1
DA:448,0
DA:450,0
DA:454,0
DA:457,1
DA:459,1
DA:460,1
DA:462,1
DA:464,2
DA:468,1
DA:471,1
DA:473,1
DA:476,0
DA:477,0
DA:483,1
DA:486,1
DA:491,1
DA:495,1
DA:496,1
DA:498,1
DA:518,0
DA:527,1
DA:529,1
DA:541,1
DA:543,1
DA:546,1
DA:547,1
DA:548,0
DA:549,0
LF:222
LH:199
end_of_record
SF:lib\presentation\provider\tv_series\tv_detail_notifier.dart
DA:22,1
DA:32,2
DA:36,2
DA:40,2
DA:44,2
DA:48,2
DA:52,2
DA:54,1
DA:55,1
DA:56,1
DA:57,2
DA:58,2
DA:59,1
DA:60,1
DA:61,1
DA:62,2
DA:63,1
DA:65,1
DA:66,1
DA:67,1
DA:68,1
DA:69,1
DA:70,1
DA:71,1
DA:72,2
DA:74,1
DA:75,1
DA:76,1
DA:80,1
DA:81,1
DA:88,2
DA:90,1
DA:91,2
DA:93,1
DA:94,1
DA:95,2
DA:96,3
DA:98,1
DA:99,1
DA:100,3
DA:104,2
DA:107,1
DA:108,2
DA:110,1
DA:111,1
DA:112,2
DA:113,3
DA:115,1
DA:116,1
DA:117,3
DA:121,2
DA:124,1
DA:125,2
DA:127,1
DA:128,0
DA:130,0
DA:132,1
DA:133,1
DA:138,1
LF:59
LH:57
end_of_record
SF:lib\presentation\widgets\build_episode_card.dart
DA:5,2
DA:6,2
DA:9,2
DA:18,2
DA:20,2
DA:21,8
DA:23,2
DA:25,2
DA:27,2
DA:29,2
DA:30,2
DA:31,4
DA:32,2
DA:35,2
DA:41,2
DA:43,2
DA:45,2
DA:46,2
DA:47,2
DA:48,6
DA:51,2
DA:52,2
DA:53,6
DA:56,2
DA:57,4
DA:62,2
DA:63,4
LF:27
LH:27
end_of_record
SF:lib\presentation\pages\tv_series\popular_tv_page.dart
DA:13,1
DA:15,1
DA:17,1
DA:19,1
DA:20,2
DA:21,1
DA:23,1
DA:24,1
DA:25,2
DA:26,1
DA:27,1
DA:28,1
DA:35,2
DA:36,2
DA:41,1
DA:42,1
DA:45,1
DA:63,1
DA:64,1
DA:66,1
DA:69,0
DA:71,0
DA:74,0
DA:81,2
DA:84,1
DA:85,1
DA:86,1
DA:87,1
DA:88,2
DA:89,1
DA:91,2
DA:95,1
DA:96,1
DA:97,1
DA:98,2
LF:35
LH:32
end_of_record
SF:lib\presentation\provider\tv_series\popular_tv_notifier.dart
DA:13,0
DA:17,0
DA:21,0
DA:34,0
DA:36,0
DA:37,0
DA:41,0
DA:42,0
DA:44,0
DA:45,0
DA:46,0
DA:47,0
DA:48,0
DA:49,0
DA:55,0
DA:56,0
DA:57,0
DA:61,0
DA:63,0
DA:65,0
DA:70,0
DA:71,0
DA:72,0
DA:74,0
DA:76,0
DA:79,0
DA:80,0
DA:81,0
DA:86,0
DA:87,0
DA:89,0
DA:91,0
DA:94,0
DA:96,0
DA:98,0
DA:100,0
DA:101,0
DA:102,0
DA:107,0
DA:111,0
DA:112,0
DA:113,0
DA:114,0
DA:115,0
DA:116,0
DA:118,0
DA:119,0
DA:120,0
DA:122,0
DA:123,0
DA:124,0
DA:126,0
DA:128,0
DA:130,0
DA:133,0
LF:55
LH:0
end_of_record
SF:lib\presentation\pages\tv_series\top_rated_tv_page.dart
DA:13,1
DA:15,1
DA:17,1
DA:19,1
DA:20,2
DA:21,1
DA:22,1
DA:23,1
DA:24,1
DA:25,2
DA:26,1
DA:27,1
DA:28,1
DA:35,2
DA:36,2
DA:42,1
DA:43,1
DA:46,1
DA:64,1
DA:65,1
DA:67,1
DA:70,0
DA:72,0
DA:75,0
DA:82,2
DA:85,1
DA:86,1
DA:87,1
DA:88,1
DA:89,2
DA:90,1
DA:92,2
DA:96,1
DA:97,1
DA:98,1
DA:99,2
LF:36
LH:33
end_of_record
SF:lib\presentation\provider\tv_series\top_rated_tv_notifier.dart
DA:13,0
DA:17,0
DA:21,0
DA:34,0
DA:36,0
DA:37,0
DA:41,0
DA:42,0
DA:44,0
DA:45,0
DA:46,0
DA:47,0
DA:48,0
DA:49,0
DA:55,0
DA:56,0
DA:57,0
DA:61,0
DA:63,0
DA:65,0
DA:70,0
DA:71,0
DA:72,0
DA:74,0
DA:76,0
DA:79,0
DA:80,0
DA:81,0
DA:86,0
DA:87,0
DA:89,0
DA:91,0
DA:94,0
DA:96,0
DA:98,0
DA:100,0
DA:101,0
DA:102,0
DA:107,0
DA:109,0
DA:110,0
DA:111,0
DA:112,0
DA:113,0
DA:114,0
DA:116,0
DA:117,0
DA:118,0
DA:120,0
DA:121,0
DA:122,0
DA:124,0
DA:126,0
DA:128,0
DA:131,0
LF:55
LH:0
end_of_record
SF:lib\presentation\pages\tv_series\search_tv_page.dart
DA:13,2
DA:15,2
DA:17,2
DA:18,4
DA:19,2
DA:21,2
DA:23,2
DA:24,2
DA:25,2
DA:26,2
DA:29,2
DA:31,2
DA:33,2
DA:34,2
DA:38,2
DA:40,4
DA:43,2
DA:44,2
DA:45,2
DA:46,4
DA:47,1
DA:48,1
DA:49,1
DA:56,4
DA:57,1
DA:58,1
DA:59,1
DA:62,4
DA:63,2
DA:64,1
DA:65,1
DA:70,1
DA:72,1
DA:73,2
DA:74,1
DA:76,2
DA:80,2
DA:81,2
DA:82,2
DA:84,2
DA:85,2
DA:91,4
LF:42
LH:42
end_of_record
SF:lib\presentation\provider\tv_series\tv_search_notifier.dart
DA:9,1
DA:13,2
DA:17,2
DA:21,2
DA:23,1
DA:25,2
DA:26,1
DA:30,2
DA:31,1
DA:38,1
DA:40,1
DA:41,1
DA:42,1
DA:46,1
DA:47,1
DA:49,2
DA:51,1
DA:52,1
DA:53,1
DA:54,2
DA:55,1
DA:57,1
DA:58,1
DA:59,1
DA:60,1
LF:25
LH:25
end_of_record
SF:lib\presentation\provider\movies\movie_list_notifier.dart
DA:14,2
DA:16,1
DA:17,1
DA:18,1
DA:23,2
DA:27,2
DA:31,2
DA:37,2
DA:39,2
DA:43,2
DA:47,2
DA:51,2
DA:62,0
DA:64,1
DA:65,1
DA:66,1
DA:81,0
DA:83,1
DA:84,1
DA:85,1
DA:88,1
DA:95,0
DA:105,0
DA:106,0
DA:108,0
DA:109,0
DA:110,0
DA:111,0
DA:112,0
DA:113,0
DA:117,0
DA:118,0
DA:119,0
DA:120,0
DA:121,0
DA:122,0
DA:126,0
DA:127,0
DA:128,0
DA:129,0
DA:130,0
DA:131,0
DA:135,0
DA:136,0
DA:137,0
DA:138,0
DA:139,0
DA:140,0
DA:146,0
DA:147,0
DA:148,0
DA:149,0
DA:150,0
DA:151,0
DA:152,0
DA:153,0
DA:154,0
DA:156,0
DA:158,0
DA:161,0
DA:162,0
DA:163,0
DA:164,0
DA:165,0
DA:166,0
DA:171,1
DA:172,2
DA:173,1
DA:177,1
DA:182,2
DA:184,1
DA:188,0
DA:189,0
DA:190,0
DA:195,0
DA:199,0
DA:201,0
DA:205,0
DA:206,0
DA:207,0
DA:213,0
DA:216,0
DA:218,0
DA:222,0
DA:223,0
DA:224,0
DA:231,0
DA:233,0
DA:235,0
DA:240,1
DA:241,1
DA:243,1
DA:244,1
DA:245,1
DA:246,1
DA:248,1
DA:249,1
DA:250,1
DA:251,1
DA:254,2
DA:255,2
DA:256,2
DA:257,2
DA:260,1
DA:261,1
DA:262,1
DA:263,1
DA:264,1
DA:267,2
DA:268,1
DA:269,1
DA:270,1
DA:271,1
DA:274,2
DA:276,2
DA:277,3
DA:278,2
DA:282,1
DA:283,3
DA:287,3
DA:289,1
DA:290,1
DA:291,1
DA:292,2
DA:293,1
DA:295,1
DA:296,1
DA:297,1
DA:298,2
DA:299,1
DA:301,2
DA:303,2
DA:305,0
DA:309,1
DA:314,1
DA:315,3
DA:319,3
DA:320,1
DA:321,1
DA:322,1
DA:323,2
DA:324,1
DA:326,1
DA:327,1
DA:328,1
DA:329,2
DA:330,1
DA:332,0
DA:334,2
DA:336,0
DA:340,1
DA:345,1
DA:346,3
DA:350,3
DA:351,1
DA:352,1
DA:353,1
DA:354,2
DA:355,1
DA:357,1
DA:358,1
DA:360,1
DA:361,2
DA:362,1
DA:364,0
DA:366,2
DA:368,0
DA:372,1
DA:377,1
DA:378,3
DA:382,3
DA:383,1
DA:384,1
DA:385,1
DA:386,2
DA:387,1
DA:389,1
DA:390,1
DA:392,1
DA:393,2
DA:394,1
DA:396,0
DA:398,2
DA:400,0
DA:404,1
DA:409,0
DA:411,0
DA:412,0
DA:413,0
DA:414,0
DA:415,0
DA:416,0
DA:417,0
LF:193
LH:114
end_of_record
SF:lib\presentation\pages\about_page.dart
DA:18,0
DA:20,0
DA:21,0
DA:22,0
DA:23,0
DA:24,0
DA:25,0
DA:27,0
DA:28,0
DA:32,0
DA:33,0
DA:34,0
DA:35,0
DA:36,0
DA:37,0
DA:39,0
DA:40,0
DA:47,0
DA:48,0
DA:51,0
DA:53,0
LF:21
LH:0
end_of_record
SF:lib\presentation\widgets\custom_drawer.dart
DA:14,0
DA:20,0
DA:21,0
DA:28,0
DA:40,0
DA:42,0
DA:43,0
DA:49,0
DA:50,0
DA:51,0
DA:52,0
DA:54,0
DA:55,0
DA:56,0
DA:59,0
DA:61,0
DA:65,0
DA:67,0
DA:68,0
DA:72,0
DA:74,0
DA:76,0
DA:77,0
DA:78,0
DA:79,0
DA:80,0
DA:81,0
DA:82,0
DA:85,0
DA:86,0
DA:88,0
DA:89,0
DA:90,0
DA:91,0
DA:93,0
DA:94,0
DA:95,0
DA:97,0
DA:98,0
DA:100,0
DA:101,0
DA:106,0
DA:118,0
DA:125,0
DA:126,0
DA:127,0
DA:128,0
DA:129,0
DA:133,0
DA:134,0
DA:135,0
DA:136,0
DA:137,0
DA:138,0
DA:139,0
DA:140,0
DA:141,0
DA:143,0
DA:144,0
DA:145,0
DA:147,0
DA:154,0
DA:161,0
DA:168,0
DA:175,0
DA:187,0
DA:189,0
DA:190,0
LF:68
LH:0
end_of_record
SF:lib\presentation\pages\movies\home_movie_page.dart
DA:19,0
DA:21,0
DA:23,0
DA:25,0
DA:27,0
DA:28,0
DA:29,0
DA:30,0
DA:31,0
DA:33,0
DA:34,0
DA:37,0
DA:38,0
DA:39,0
DA:40,0
DA:42,0
DA:46,0
DA:48,0
DA:49,0
DA:51,0
DA:70,0
DA:71,0
DA:73,0
DA:75,0
DA:76,0
DA:77,0
DA:78,0
DA:79,0
DA:80,0
DA:81,0
DA:88,0
DA:89,0
DA:92,0
DA:93,0
DA:94,0
DA:96,0
DA:97,0
DA:102,0
DA:105,0
DA:113,0
DA:114,0
DA:115,0
DA:118,0
DA:120,0
DA:125,0
DA:126,0
DA:127,0
DA:131,0
DA:137,0
DA:140,0
DA:146,0
DA:147,0
DA:148,0
DA:149,0
DA:150,0
DA:151,0
DA:158,0
DA:159,0
DA:160,0
DA:161,0
DA:164,0
DA:173,0
DA:176,0
DA:181,0
DA:182,0
DA:183,0
DA:184,0
DA:185,0
DA:186,0
DA:193,0
DA:194,0
DA:195,0
DA:196,0
DA:199,0
DA:205,0
DA:208,0
DA:214,0
DA:215,0
DA:216,0
DA:217,0
DA:218,0
DA:219,0
DA:226,0
DA:227,0
DA:228,0
DA:229,0
DA:232,0
DA:244,0
DA:245,0
DA:247,0
DA:248,0
DA:249,0
DA:251,0
DA:253,0
DA:254,0
DA:255,0
DA:256,0
DA:270,0
DA:272,0
DA:274,0
DA:276,0
DA:277,0
DA:279,0
DA:280,0
DA:281,0
DA:282,0
DA:284,0
DA:285,0
DA:287,0
DA:290,0
DA:293,0
DA:294,0
DA:295,0
DA:296,0
DA:298,0
DA:299,0
DA:300,0
DA:306,0
LF:118
LH:0
end_of_record
SF:lib\presentation\pages\movies\search_page.dart
DA:14,0
DA:16,0
DA:17,0
DA:18,0
DA:20,0
DA:22,0
DA:23,0
DA:24,0
DA:25,0
DA:28,0
DA:30,0
DA:32,0
DA:33,0
DA:37,0
DA:38,0
DA:40,0
DA:41,0
DA:42,0
DA:43,0
DA:44,0
DA:45,0
DA:52,0
DA:53,0
DA:54,0
DA:57,0
DA:58,0
DA:59,0
DA:64,0
DA:66,0
DA:67,0
DA:68,0
DA:70,0
DA:74,0
DA:75,0
DA:76,0
DA:78,0
DA:79,0
DA:85,0
LF:38
LH:0
end_of_record
SF:lib\presentation\pages\movies\up_coming_movies_page.dart
DA:13,1
DA:14,1
DA:30,1
DA:32,1
DA:33,1
DA:34,2
DA:35,1
DA:36,1
DA:37,1
DA:38,1
DA:39,2
DA:40,1
DA:41,1
DA:42,1
DA:49,2
DA:50,2
DA:54,1
DA:55,1
DA:58,1
DA:76,1
DA:77,1
DA:79,1
DA:82,0
DA:84,0
DA:87,0
DA:94,2
DA:98,1
DA:99,1
DA:100,1
DA:101,1
DA:102,2
DA:103,1
DA:105,2
DA:109,1
DA:110,1
DA:111,1
DA:112,2
LF:37
LH:34
end_of_record
SF:lib\presentation\provider\movies\movie_search_notifier.dart
DA:9,1
DA:12,2
DA:15,2
DA:18,2
DA:20,1
DA:22,2
DA:23,0
DA:27,2
DA:28,0
DA:35,1
DA:37,1
DA:38,0
DA:39,0
DA:43,1
DA:44,1
DA:46,2
DA:47,1
DA:48,1
DA:49,2
DA:50,1
DA:51,1
DA:53,1
DA:54,1
DA:55,1
DA:56,1
LF:25
LH:21
end_of_record
SF:lib\presentation\provider\movies\up_coming_movies_notifier.dart
DA:13,1
DA:14,1
DA:19,2
DA:23,2
DA:27,2
DA:40,0
DA:43,1
DA:44,1
DA:46,2
DA:47,0
DA:48,0
DA:49,0
DA:50,0
DA:51,0
DA:57,0
DA:58,0
DA:59,0
DA:63,0
DA:65,0
DA:67,0
DA:72,1
DA:73,1
DA:74,3
DA:76,1
DA:78,1
DA:81,0
DA:82,0
DA:83,0
DA:88,1
DA:89,1
DA:91,1
DA:93,1
DA:96,2
DA:99,1
DA:101,0
DA:103,2
DA:104,3
DA:105,2
DA:109,1
DA:110,3
DA:114,3
DA:116,1
DA:117,1
DA:118,2
DA:119,1
DA:120,1
DA:121,3
DA:123,1
DA:124,1
DA:125,1
DA:126,2
DA:127,1
DA:129,0
DA:131,2
DA:133,0
DA:136,1
LF:56
LH:38
end_of_record
SF:lib\presentation\pages\movies\watchlist_movies_page.dart
DA:14,0
DA:16,0
DA:17,0
DA:22,0
DA:24,0
DA:25,0
DA:26,0
DA:27,0
DA:28,0
DA:30,0
DA:34,0
DA:36,0
DA:37,0
DA:40,0
DA:42,0
DA:43,0
DA:45,0
DA:48,0
DA:50,0
DA:51,0
DA:52,0
DA:53,0
DA:54,0
DA:55,0
DA:57,0
DA:58,0
DA:62,0
DA:64,0
DA:65,0
DA:66,0
DA:67,0
DA:68,0
DA:69,0
DA:74,0
DA:75,0
DA:76,0
DA:77,0
DA:79,0
DA:82,0
DA:94,0
DA:96,0
DA:97,0
LF:42
LH:0
end_of_record
SF:lib\presentation\provider\movies\watchlist_movie_notifier.dart
DA:8,2
DA:11,2
DA:14,2
DA:16,1
DA:20,1
DA:21,1
DA:22,1
DA:24,2
DA:25,1
DA:26,1
DA:27,1
DA:28,2
DA:29,1
DA:31,1
DA:32,1
DA:33,1
DA:34,1
LF:17
LH:17
end_of_record
SF:lib\presentation\pages\tv_series\tv_series_page.dart
DA:21,1
DA:23,1
DA:25,1
DA:27,1
DA:29,1
DA:30,1
DA:31,1
DA:32,1
DA:33,0
DA:35,0
DA:36,0
DA:39,1
DA:40,1
DA:41,0
DA:42,0
DA:44,1
DA:49,1
DA:50,1
DA:51,1
DA:52,1
DA:54,1
DA:72,1
DA:73,1
DA:75,1
DA:77,2
DA:78,1
DA:79,1
DA:80,1
DA:81,1
DA:82,1
DA:83,1
DA:84,1
DA:91,1
DA:92,2
DA:95,0
DA:96,0
DA:97,0
DA:99,0
DA:100,0
DA:105,0
DA:108,0
DA:116,1
DA:117,1
DA:118,0
DA:121,1
DA:123,2
DA:129,1
DA:130,1
DA:131,1
DA:135,0
DA:141,1
DA:143,0
DA:144,0
DA:150,1
DA:151,1
DA:152,1
DA:153,1
DA:154,1
DA:155,1
DA:162,1
DA:163,1
DA:164,1
DA:165,1
DA:168,1
DA:177,1
DA:179,0
DA:180,0
DA:186,1
DA:187,1
DA:188,1
DA:189,1
DA:190,1
DA:191,1
DA:198,1
DA:199,1
DA:200,1
DA:201,1
DA:204,1
DA:210,1
DA:212,0
DA:213,0
DA:219,1
DA:220,1
DA:221,1
DA:222,1
DA:223,1
DA:224,1
DA:231,1
DA:232,1
DA:233,1
DA:234,1
DA:237,1
DA:249,1
DA:250,1
DA:252,1
DA:253,2
DA:254,1
DA:256,1
DA:258,1
DA:259,1
DA:260,2
DA:261,1
DA:275,1
DA:277,1
DA:279,1
DA:281,1
DA:282,1
DA:284,1
DA:285,2
DA:286,1
DA:288,1
DA:289,1
DA:291,1
DA:294,1
DA:297,1
DA:298,2
DA:299,1
DA:300,2
DA:302,1
DA:303,2
DA:304,0
DA:310,2
LF:122
LH:101
end_of_record
SF:lib\presentation\provider\tv_series\tv_list_notifier.dart
DA:13,2
DA:14,1
DA:15,1
DA:16,1
DA:21,2
DA:25,2
DA:29,2
DA:33,2
DA:37,2
DA:41,2
DA:45,2
DA:49,2
DA:59,0
DA:60,1
DA:61,1
DA:62,1
DA:75,0
DA:77,0
DA:78,0
DA:79,0
DA:84,0
DA:85,1
DA:86,1
DA:87,1
DA:91,1
DA:98,0
DA:108,0
DA:109,0
DA:111,0
DA:112,0
DA:113,0
DA:114,0
DA:115,0
DA:116,0
DA:120,0
DA:121,0
DA:122,0
DA:123,0
DA:124,0
DA:125,0
DA:129,0
DA:130,0
DA:131,0
DA:132,0
DA:133,0
DA:134,0
DA:138,0
DA:139,0
DA:140,0
DA:141,0
DA:142,0
DA:143,0
DA:149,0
DA:150,0
DA:151,0
DA:152,0
DA:153,0
DA:154,0
DA:155,0
DA:156,0
DA:157,0
DA:159,0
DA:161,0
DA:164,0
DA:165,0
DA:166,0
DA:167,0
DA:168,0
DA:169,0
DA:174,1
DA:175,2
DA:176,1
DA:180,1
DA:182,2
DA:184,1
DA:189,0
DA:190,0
DA:191,0
DA:195,0
DA:197,0
DA:199,0
DA:204,0
DA:205,0
DA:206,0
DA:210,0
DA:212,0
DA:214,0
DA:219,0
DA:220,0
DA:221,0
DA:225,0
DA:227,0
DA:229,0
DA:234,1
DA:235,1
DA:237,1
DA:238,1
DA:239,1
DA:240,1
DA:242,1
DA:243,1
DA:244,1
DA:245,1
DA:248,2
DA:249,2
DA:250,2
DA:251,2
DA:254,1
DA:255,1
DA:256,1
DA:257,1
DA:258,1
DA:261,2
DA:262,1
DA:263,1
DA:264,1
DA:265,1
DA:268,2
DA:270,2
DA:271,3
DA:272,2
DA:277,1
DA:281,3
DA:282,1
DA:283,1
DA:284,1
DA:285,2
DA:286,1
DA:288,1
DA:289,1
DA:292,1
DA:293,2
DA:294,2
DA:296,0
DA:297,0
DA:311,1
DA:317,1
DA:321,3
DA:322,1
DA:323,1
DA:324,1
DA:325,2
DA:326,1
DA:328,1
DA:329,1
DA:331,1
DA:332,2
DA:333,1
DA:335,0
DA:337,2
DA:339,0
DA:342,1
DA:348,1
DA:352,3
DA:353,1
DA:354,1
DA:355,1
DA:356,2
DA:357,1
DA:359,1
DA:360,1
DA:363,1
DA:364,2
DA:365,1
DA:367,0
DA:369,2
DA:371,0
DA:374,1
DA:380,1
DA:384,3
DA:385,1
DA:386,1
DA:387,1
DA:388,2
DA:389,1
DA:391,1
DA:392,1
DA:395,1
DA:396,2
DA:397,1
DA:399,0
DA:401,2
DA:403,0
DA:406,1
LF:184
LH:108
end_of_record
SF:lib\presentation\pages\tv_series\watchlist_tv_page.dart
DA:16,1
DA:18,1
DA:19,1
DA:23,1
DA:25,1
DA:26,1
DA:27,1
DA:28,1
DA:29,1
DA:31,1
DA:35,1
DA:37,1
DA:38,4
DA:41,1
DA:43,2
DA:44,1
DA:47,0
DA:49,0
DA:52,1
DA:54,1
DA:55,1
DA:56,1
DA:57,1
DA:58,1
DA:59,0
DA:62,0
DA:63,0
DA:67,1
DA:69,1
DA:70,1
DA:71,2
DA:72,2
DA:73,2
DA:74,2
DA:79,1
DA:80,1
DA:81,2
DA:82,1
DA:84,2
DA:87,1
DA:88,1
DA:89,1
DA:102,1
DA:104,1
DA:106,1
DA:108,1
DA:109,1
DA:110,1
DA:113,2
DA:116,1
DA:118,1
DA:119,1
DA:120,1
DA:126,1
DA:128,1
DA:129,1
DA:130,2
DA:133,1
DA:135,1
DA:136,1
DA:137,2
DA:145,1
DA:147,1
DA:148,2
DA:149,1
DA:150,3
DA:153,1
DA:154,2
DA:155,0
LF:69
LH:63
end_of_record
SF:lib\presentation\provider\tv_series\watchlist_tv_notifier.dart
DA:10,2
DA:14,2
DA:18,2
DA:22,1
DA:24,1
DA:25,1
DA:26,1
DA:28,2
DA:29,1
DA:30,1
DA:31,1
DA:32,2
DA:33,1
DA:35,1
DA:36,1
DA:37,1
DA:38,1
LF:17
LH:17
end_of_record
SF:lib\presentation\provider\custom_drawer_notifier.dart
DA:7,0
DA:9,0
DA:11,0
DA:12,0
DA:13,0
DA:15,0
DA:17,0
DA:20,0
DA:25,0
DA:26,0
DA:31,0
DA:32,0
DA:33,0
DA:36,0
DA:37,0
DA:38,0
LF:16
LH:0
end_of_record
